#
# There is insufficient memory for the Java Runtime Environment to continue.
# Native memory allocation (mmap) failed to map 318767104 bytes for Failed to commit area from 0x00000000bde00000 to 0x00000000d0e00000 of length 318767104.
# Possible reasons:
#   The system is out of physical RAM or swap space
#   The process is running with CompressedOops enabled, and the Java Heap may be blocking the growth of the native heap
# Possible solutions:
#   Reduce memory load on the system
#   Increase physical memory or swap space
#   Check if swap backing store is full
#   Decrease Java heap size (-Xmx/-Xms)
#   Decrease number of Java threads
#   Decrease Java thread stack sizes (-Xss)
#   Set larger code cache with -XX:ReservedCodeCacheSize=
#   JVM is running with Unscaled Compressed Oops mode in which the Java heap is
#     placed in the first 4GB address space. The Java Heap base address is the
#     maximum limit for the native heap growth. Please use -XX:HeapBaseMinAddress
#     to set the Java Heap base and to place the Java Heap above 4GB virtual address.
# This output file may be truncated or incomplete.
#
#  Out of Memory Error (./src/hotspot/os/windows/os_windows.cpp:3301), pid=2244, tid=7152
#
# JRE version: OpenJDK Runtime Environment (11.0.11+9) (build 11.0.11+9-b60-7590822)
# Java VM: OpenJDK 64-Bit Server VM (11.0.11+9-b60-7590822, mixed mode, tiered, compressed oops, g1 gc, windows-amd64)
# No core dump will be written. Minidumps are not enabled by default on client versions of Windows
#

---------------  S U M M A R Y ------------

Command Line: --add-opens=java.base/java.util=ALL-UNNAMED --add-opens=java.base/java.lang=ALL-UNNAMED --add-opens=java.base/java.lang.invoke=ALL-UNNAMED --add-opens=java.base/java.util=ALL-UNNAMED --add-opens=java.prefs/java.util.prefs=ALL-UNNAMED --add-opens=java.prefs/java.util.prefs=ALL-UNNAMED --add-opens=java.base/java.nio.charset=ALL-UNNAMED --add-opens=java.base/java.net=ALL-UNNAMED --add-opens=java.base/java.util.concurrent.atomic=ALL-UNNAMED -Xmx2048m -Dfile.encoding=UTF-8 -Duser.country=US -Duser.language=en -Duser.variant -Xmx1280M org.gradle.launcher.daemon.bootstrap.GradleDaemon 7.2

Host: AMD Ryzen 3 2200G with Radeon Vega Graphics    , 4 cores, 7G,  Windows 10 , 64 bit Build 19041 (10.0.19041.1741)
Time: Mon Jun 20 02:49:19 2022 SE Asia Standard Time elapsed time: 42.087547 seconds (0d 0h 0m 42s)

---------------  T H R E A D  ---------------

Current thread (0x0000022464932000):  VMThread "VM Thread" [stack: 0x0000009466b00000,0x0000009466c00000] [id=7152]

Stack: [0x0000009466b00000,0x0000009466c00000]
[error occurred during error reporting (printing stack bounds), id 0xc0000005, EXCEPTION_ACCESS_VIOLATION (0xc0000005) at pc=0x00000224504f0f2d]

Native frames: (J=compiled Java code, j=interpreted, Vv=VM code, C=native code)
V  [jvm.dll+0x5f214a]
V  [jvm.dll+0x726fb5]
V  [jvm.dll+0x7285cd]
V  [jvm.dll+0x728be5]
V  [jvm.dll+0x728b9b]
V  [jvm.dll+0x5f14e8]
V  [jvm.dll+0x5f1c78]
C  [ntdll.dll+0xa209f]
C  [ntdll.dll+0x51454]
C  [ntdll.dll+0xa0bce]
C  0x00000224504f0f2d

VM_Operation (0x000000946a9f9030): G1CollectForAllocation, mode: safepoint, requested by thread 0x000002246a3e1000


---------------  P R O C E S S  ---------------

Threads class SMR info:
_java_thread_list=0x000002246a66f300, length=90, elements={
0x000002244a9fe800, 0x0000022464956000, 0x0000022464957800, 0x00000224652f2800,
0x0000022464973800, 0x0000022464974800, 0x000002246497d000, 0x0000022464980000,
0x0000022464981000, 0x0000022465440800, 0x00000224672e6000, 0x00000224654f8800,
0x00000224667de000, 0x0000022466de8800, 0x0000022466a51000, 0x00000224673fd800,
0x00000224666b6800, 0x0000022466952000, 0x0000022467156800, 0x00000224672e7000,
0x00000224672e7800, 0x00000224672eb800, 0x00000224672e8800, 0x00000224672ed800,
0x00000224672e9800, 0x00000224672ea000, 0x00000224672ec800, 0x00000224672eb000,
0x0000022467dfe800, 0x0000022467dff800, 0x0000022467e00800, 0x0000022467e01000,
0x0000022467e07000, 0x0000022467e04800, 0x0000022467e05000, 0x0000022467e07800,
0x0000022467e08800, 0x0000022467e03000, 0x0000022467e09800, 0x0000022467e0d800,
0x0000022467e0c800, 0x0000022467e0a000, 0x0000022467e0b000, 0x0000022467e0b800,
0x000002246a3d9800, 0x000002246a3d9000, 0x000002246a3e0000, 0x000002246a3dc000,
0x000002246a3dd800, 0x000002246a3dd000, 0x000002246a3df800, 0x000002246a3da800,
0x000002246a3db800, 0x000002246a3de800, 0x000002246a3e5000, 0x000002246a3e4000,
0x000002246a3e6000, 0x000002246a3e1000, 0x000002246a3e3800, 0x000002246a3e6800,
0x000002246a3e2800, 0x000002246a3e7800, 0x000002246a3e2000, 0x0000022468730000,
0x000002246872f000, 0x0000022468731000, 0x0000022468731800, 0x0000022468732800,
0x0000022468733000, 0x0000022468734000, 0x000002246872e800, 0x0000022468739000,
0x0000022468735800, 0x0000022468736800, 0x000002246873a800, 0x0000022468737800,
0x0000022468738000, 0x0000022468735000, 0x000002246873b800, 0x000002246873c000,
0x000002246873d000, 0x000002246a65a000, 0x000002246a659800, 0x000002246a65c800,
0x000002246a660000, 0x000002246a660800, 0x000002246a65f000, 0x000002246a65b000,
0x000002246a661800, 0x00000224703c7000
}

Java Threads: ( => current thread )
  0x000002244a9fe800 JavaThread "main" [_thread_blocked, id=5968, stack(0x0000009466500000,0x0000009466600000)]
  0x0000022464956000 JavaThread "Reference Handler" daemon [_thread_blocked, id=10512, stack(0x0000009466c00000,0x0000009466d00000)]
  0x0000022464957800 JavaThread "Finalizer" daemon [_thread_blocked, id=3160, stack(0x0000009466d00000,0x0000009466e00000)]
  0x00000224652f2800 JavaThread "Signal Dispatcher" daemon [_thread_blocked, id=3584, stack(0x0000009466e00000,0x0000009466f00000)]
  0x0000022464973800 JavaThread "Attach Listener" daemon [_thread_blocked, id=8540, stack(0x0000009466f00000,0x0000009467000000)]
  0x0000022464974800 JavaThread "Service Thread" daemon [_thread_blocked, id=632, stack(0x0000009467000000,0x0000009467100000)]
  0x000002246497d000 JavaThread "C2 CompilerThread0" daemon [_thread_blocked, id=12084, stack(0x0000009467100000,0x0000009467200000)]
  0x0000022464980000 JavaThread "C1 CompilerThread0" daemon [_thread_blocked, id=4028, stack(0x0000009467200000,0x0000009467300000)]
  0x0000022464981000 JavaThread "Sweeper thread" daemon [_thread_blocked, id=6064, stack(0x0000009467300000,0x0000009467400000)]
  0x0000022465440800 JavaThread "Common-Cleaner" daemon [_thread_blocked, id=6648, stack(0x0000009467400000,0x0000009467500000)]
  0x00000224672e6000 JavaThread "Daemon health stats" [_thread_blocked, id=7836, stack(0x0000009467900000,0x0000009467a00000)]
  0x00000224654f8800 JavaThread "Incoming local TCP Connector on port 53110" [_thread_in_native, id=2844, stack(0x0000009467600000,0x0000009467700000)]
  0x00000224667de000 JavaThread "Daemon periodic checks" [_thread_blocked, id=2276, stack(0x0000009467a00000,0x0000009467b00000)]
  0x0000022466de8800 JavaThread "Daemon" [_thread_blocked, id=4896, stack(0x0000009467b00000,0x0000009467c00000)]
  0x0000022466a51000 JavaThread "Handler for socket connection from /127.0.0.1:53110 to /127.0.0.1:53111" [_thread_in_native, id=1476, stack(0x0000009467c00000,0x0000009467d00000)]
  0x00000224673fd800 JavaThread "Cancel handler" [_thread_blocked, id=12720, stack(0x0000009467d00000,0x0000009467e00000)]
  0x00000224666b6800 JavaThread "Daemon worker" [_thread_blocked, id=12760, stack(0x0000009467e00000,0x0000009467f00000)]
  0x0000022466952000 JavaThread "Asynchronous log dispatcher for DefaultDaemonConnection: socket connection from /127.0.0.1:53110 to /127.0.0.1:53111" [_thread_blocked, id=2132, stack(0x0000009467f00000,0x0000009468000000)]
  0x0000022467156800 JavaThread "Stdin handler" [_thread_blocked, id=12752, stack(0x0000009468000000,0x0000009468100000)]
  0x00000224672e7000 JavaThread "Daemon client event forwarder" [_thread_blocked, id=13212, stack(0x0000009468100000,0x0000009468200000)]
  0x00000224672e7800 JavaThread "Cache worker for journal cache (C:\Users\Panji P. Pamungkas\.gradle\caches\journal-1)" [_thread_blocked, id=13296, stack(0x0000009468300000,0x0000009468400000)]
  0x00000224672eb800 JavaThread "File lock request listener" [_thread_in_native, id=8800, stack(0x0000009468400000,0x0000009468500000)]
  0x00000224672e8800 JavaThread "Cache worker for file hash cache (C:\Users\Panji P. Pamungkas\.gradle\caches\7.2\fileHashes)" [_thread_blocked, id=13036, stack(0x0000009468500000,0x0000009468600000)]
  0x00000224672ed800 JavaThread "Cache worker for file hash cache (D:\Anu Aing\RecyclerView\.gradle\7.2\fileHashes)" [_thread_blocked, id=792, stack(0x0000009468700000,0x0000009468800000)]
  0x00000224672e9800 JavaThread "File watcher server" daemon [_thread_blocked, id=12364, stack(0x0000009468800000,0x0000009468900000)]
  0x00000224672ea000 JavaThread "File watcher consumer" daemon [_thread_blocked, id=12360, stack(0x0000009468900000,0x0000009468a00000)]
  0x00000224672ec800 JavaThread "Cache worker for checksums cache (D:\Anu Aing\RecyclerView\.gradle\checksums)" [_thread_blocked, id=3764, stack(0x0000009468a00000,0x0000009468b00000)]
  0x00000224672eb000 JavaThread "Cache worker for cache directory md-supplier (C:\Users\Panji P. Pamungkas\.gradle\caches\7.2\md-supplier)" [_thread_blocked, id=888, stack(0x0000009468b00000,0x0000009468c00000)]
  0x0000022467dfe800 JavaThread "Cache worker for cache directory md-rule (C:\Users\Panji P. Pamungkas\.gradle\caches\7.2\md-rule)" [_thread_blocked, id=9128, stack(0x0000009468c00000,0x0000009468d00000)]
  0x0000022467dff800 JavaThread "Cache worker for execution history cache (C:\Users\Panji P. Pamungkas\.gradle\caches\7.2\executionHistory)" [_thread_blocked, id=6876, stack(0x0000009468d00000,0x0000009468e00000)]
  0x0000022467e00800 JavaThread "jar transforms" [_thread_blocked, id=2564, stack(0x0000009468e00000,0x0000009468f00000)]
  0x0000022467e01000 JavaThread "Cache worker for file content cache (C:\Users\Panji P. Pamungkas\.gradle\caches\7.2\fileContent)" [_thread_blocked, id=13184, stack(0x0000009468f00000,0x0000009469000000)]
  0x0000022467e07000 JavaThread "jar transforms Thread 2" [_thread_blocked, id=10468, stack(0x0000009469000000,0x0000009469100000)]
  0x0000022467e04800 JavaThread "Cache worker for dependencies-accessors (D:\Anu Aing\RecyclerView\.gradle\7.2\dependencies-accessors)" [_thread_blocked, id=9720, stack(0x0000009469100000,0x0000009469200000)]
  0x0000022467e05000 JavaThread "jar transforms Thread 3" [_thread_blocked, id=1176, stack(0x0000009469200000,0x0000009469300000)]
  0x0000022467e07800 JavaThread "Cache worker for Build Output Cleanup Cache (D:\Anu Aing\RecyclerView\.gradle\buildOutputCleanup)" [_thread_blocked, id=4084, stack(0x0000009469300000,0x0000009469400000)]
  0x0000022467e08800 JavaThread "Unconstrained build operations" [_thread_blocked, id=8232, stack(0x0000009469400000,0x0000009469500000)]
  0x0000022467e03000 JavaThread "Unconstrained build operations Thread 2" [_thread_blocked, id=5956, stack(0x0000009469500000,0x0000009469600000)]
  0x0000022467e09800 JavaThread "Unconstrained build operations Thread 3" [_thread_blocked, id=8356, stack(0x0000009469600000,0x0000009469700000)]
  0x0000022467e0d800 JavaThread "Unconstrained build operations Thread 4" [_thread_blocked, id=228, stack(0x0000009469700000,0x0000009469800000)]
  0x0000022467e0c800 JavaThread "Unconstrained build operations Thread 5" [_thread_blocked, id=13240, stack(0x0000009469800000,0x0000009469900000)]
  0x0000022467e0a000 JavaThread "Unconstrained build operations Thread 6" [_thread_blocked, id=9384, stack(0x0000009469900000,0x0000009469a00000)]
  0x0000022467e0b000 JavaThread "Unconstrained build operations Thread 7" [_thread_blocked, id=5892, stack(0x0000009469a00000,0x0000009469b00000)]
  0x0000022467e0b800 JavaThread "Unconstrained build operations Thread 8" [_thread_blocked, id=11932, stack(0x0000009469b00000,0x0000009469c00000)]
  0x000002246a3d9800 JavaThread "Unconstrained build operations Thread 9" [_thread_blocked, id=332, stack(0x0000009469c00000,0x0000009469d00000)]
  0x000002246a3d9000 JavaThread "Unconstrained build operations Thread 10" [_thread_blocked, id=9948, stack(0x0000009469d00000,0x0000009469e00000)]
  0x000002246a3e0000 JavaThread "Unconstrained build operations Thread 11" [_thread_blocked, id=10244, stack(0x0000009469e00000,0x0000009469f00000)]
  0x000002246a3dc000 JavaThread "Unconstrained build operations Thread 12" [_thread_blocked, id=6604, stack(0x0000009469f00000,0x000000946a000000)]
  0x000002246a3dd800 JavaThread "Unconstrained build operations Thread 13" [_thread_blocked, id=492, stack(0x000000946a000000,0x000000946a100000)]
  0x000002246a3dd000 JavaThread "Unconstrained build operations Thread 14" [_thread_blocked, id=4832, stack(0x000000946a100000,0x000000946a200000)]
  0x000002246a3df800 JavaThread "Unconstrained build operations Thread 15" [_thread_blocked, id=4976, stack(0x000000946a200000,0x000000946a300000)]
  0x000002246a3da800 JavaThread "Unconstrained build operations Thread 16" [_thread_blocked, id=7456, stack(0x000000946a300000,0x000000946a400000)]
  0x000002246a3db800 JavaThread "Unconstrained build operations Thread 17" [_thread_blocked, id=12520, stack(0x000000946a400000,0x000000946a500000)]
  0x000002246a3de800 JavaThread "Unconstrained build operations Thread 18" [_thread_blocked, id=5544, stack(0x000000946a500000,0x000000946a600000)]
  0x000002246a3e5000 JavaThread "Unconstrained build operations Thread 19" [_thread_blocked, id=8256, stack(0x000000946a600000,0x000000946a700000)]
  0x000002246a3e4000 JavaThread "Unconstrained build operations Thread 20" [_thread_blocked, id=12328, stack(0x000000946a700000,0x000000946a800000)]
  0x000002246a3e6000 JavaThread "Unconstrained build operations Thread 21" [_thread_blocked, id=1484, stack(0x000000946a800000,0x000000946a900000)]
  0x000002246a3e1000 JavaThread "Unconstrained build operations Thread 22" [_thread_blocked, id=5500, stack(0x000000946a900000,0x000000946aa00000)]
  0x000002246a3e3800 JavaThread "Unconstrained build operations Thread 23" [_thread_blocked, id=11668, stack(0x000000946aa00000,0x000000946ab00000)]
  0x000002246a3e6800 JavaThread "Unconstrained build operations Thread 24" [_thread_blocked, id=8564, stack(0x000000946ab00000,0x000000946ac00000)]
  0x000002246a3e2800 JavaThread "Unconstrained build operations Thread 25" [_thread_blocked, id=8284, stack(0x000000946ac00000,0x000000946ad00000)]
  0x000002246a3e7800 JavaThread "Unconstrained build operations Thread 26" [_thread_blocked, id=12716, stack(0x000000946ad00000,0x000000946ae00000)]
  0x000002246a3e2000 JavaThread "Unconstrained build operations Thread 27" [_thread_blocked, id=12012, stack(0x000000946ae00000,0x000000946af00000)]
  0x0000022468730000 JavaThread "Unconstrained build operations Thread 28" [_thread_blocked, id=1384, stack(0x000000946af00000,0x000000946b000000)]
  0x000002246872f000 JavaThread "Unconstrained build operations Thread 29" [_thread_blocked, id=6928, stack(0x000000946b000000,0x000000946b100000)]
  0x0000022468731000 JavaThread "Unconstrained build operations Thread 30" [_thread_blocked, id=8940, stack(0x000000946b100000,0x000000946b200000)]
  0x0000022468731800 JavaThread "Unconstrained build operations Thread 31" [_thread_blocked, id=12476, stack(0x000000946b200000,0x000000946b300000)]
  0x0000022468732800 JavaThread "Unconstrained build operations Thread 32" [_thread_blocked, id=2232, stack(0x000000946b300000,0x000000946b400000)]
  0x0000022468733000 JavaThread "Unconstrained build operations Thread 33" [_thread_blocked, id=1488, stack(0x000000946b400000,0x000000946b500000)]
  0x0000022468734000 JavaThread "Unconstrained build operations Thread 34" [_thread_blocked, id=5780, stack(0x000000946b500000,0x000000946b600000)]
  0x000002246872e800 JavaThread "Unconstrained build operations Thread 35" [_thread_blocked, id=13204, stack(0x000000946b600000,0x000000946b700000)]
  0x0000022468739000 JavaThread "Unconstrained build operations Thread 36" [_thread_blocked, id=12528, stack(0x000000946b700000,0x000000946b800000)]
  0x0000022468735800 JavaThread "Unconstrained build operations Thread 37" [_thread_blocked, id=9016, stack(0x000000946b800000,0x000000946b900000)]
  0x0000022468736800 JavaThread "Unconstrained build operations Thread 38" [_thread_blocked, id=5740, stack(0x000000946b900000,0x000000946ba00000)]
  0x000002246873a800 JavaThread "Unconstrained build operations Thread 39" [_thread_blocked, id=7492, stack(0x000000946ba00000,0x000000946bb00000)]
  0x0000022468737800 JavaThread "Unconstrained build operations Thread 40" [_thread_blocked, id=3112, stack(0x000000946bb00000,0x000000946bc00000)]
  0x0000022468738000 JavaThread "jar transforms Thread 4" [_thread_blocked, id=13020, stack(0x000000946bc00000,0x000000946bd00000)]
  0x0000022468735000 JavaThread "Memory manager" [_thread_blocked, id=1256, stack(0x000000946bd00000,0x000000946be00000)]
  0x000002246873b800 JavaThread "build event listener" [_thread_blocked, id=8248, stack(0x000000946be00000,0x000000946bf00000)]
  0x000002246873c000 JavaThread "pool-3-thread-1" [_thread_blocked, id=11940, stack(0x000000946bf00000,0x000000946c000000)]
  0x000002246873d000 JavaThread "build event listener" [_thread_blocked, id=8776, stack(0x000000946c000000,0x000000946c100000)]
  0x000002246a65a000 JavaThread "Execution worker for ':'" [_thread_blocked, id=8180, stack(0x000000946c100000,0x000000946c200000)]
  0x000002246a659800 JavaThread "Execution worker for ':' Thread 2" [_thread_blocked, id=2740, stack(0x000000946c200000,0x000000946c300000)]
  0x000002246a65c800 JavaThread "Execution worker for ':' Thread 3" [_thread_blocked, id=7592, stack(0x000000946c300000,0x000000946c400000)]
  0x000002246a660000 JavaThread "Cache worker for execution history cache (D:\Anu Aing\RecyclerView\.gradle\7.2\executionHistory)" [_thread_blocked, id=2180, stack(0x000000946c400000,0x000000946c500000)]
  0x000002246a660800 JavaThread "WorkerExecutor Queue" [_thread_blocked, id=4460, stack(0x000000946c500000,0x000000946c600000)]
  0x000002246a65f000 JavaThread "WorkerExecutor Queue Thread 2" [_thread_blocked, id=9484, stack(0x000000946c600000,0x000000946c700000)]
  0x000002246a65b000 JavaThread "WorkerExecutor Queue Thread 3" [_thread_blocked, id=9620, stack(0x000000946c700000,0x000000946c800000)]
  0x000002246a661800 JavaThread "WorkerExecutor Queue Thread 4" [_thread_blocked, id=12388, stack(0x000000946c800000,0x000000946c900000)]
  0x00000224703c7000 JavaThread "C2 CompilerThread1" daemon [_thread_blocked, id=13124, stack(0x000000946c900000,0x000000946ca00000)]

Other Threads:
=>0x0000022464932000 VMThread "VM Thread" [stack: 0x0000009466b00000,0x0000009466c00000] [id=7152]
  0x0000022465459800 WatcherThread [stack: 0x0000009467500000,0x0000009467600000] [id=4788]
  0x000002244ca08000 GCTaskThread "GC Thread#0" [stack: 0x0000009466600000,0x0000009466700000] [id=9360]
  0x00000224660ba800 GCTaskThread "GC Thread#1" [stack: 0x0000009467700000,0x0000009467800000] [id=7184]
  0x0000022465f78800 GCTaskThread "GC Thread#2" [stack: 0x0000009467800000,0x0000009467900000] [id=9408]
  0x00000224686c4000 GCTaskThread "GC Thread#3" [stack: 0x0000009468200000,0x0000009468300000] [id=13136]
  0x000002244ca29800 ConcurrentGCThread "G1 Main Marker" [stack: 0x0000009466700000,0x0000009466800000] [id=1184]
  0x000002244ca2b000 ConcurrentGCThread "G1 Conc#0" [stack: 0x0000009466800000,0x0000009466900000] [id=3280]
  0x000002244cab8000 ConcurrentGCThread "G1 Refine#0" [stack: 0x0000009466900000,0x0000009466a00000] [id=12200]
  0x000002244cab9000 ConcurrentGCThread "G1 Young RemSet Sampling" [stack: 0x0000009466a00000,0x0000009466b00000] [id=10752]

Threads with active compile tasks:
C2 CompilerThread0  42255 19670 %     4       com.android.tools.r8.ir.regalloc.b::a @ 1542 (1824 bytes)
C2 CompilerThread1  42255 19893       4       com.android.tools.r8.internal.Fs1::a (260 bytes)

VM state:at safepoint (normal execution)

VM Mutex/Monitor currently owned by a thread:  ([mutex/lock_event])
[0x000002244c9ec2a0] Threads_lock - owner thread: 0x0000022464932000
[0x000002244c9ed9b0] Heap_lock - owner thread: 0x000002246a3e1000

Heap address: 0x00000000b0000000, size: 1280 MB, Compressed Oops mode: 32-bit
Narrow klass base: 0x0000000000000000, Narrow klass shift: 3
Compressed class space size: 1073741824 Address: 0x0000000100000000

Heap:
 garbage-first heap   total 538624K, used 158240K [0x00000000b0000000, 0x0000000100000000)
  region size 1024K, 5 young (5120K), 5 survivors (5120K)
 Metaspace       used 119456K, capacity 122377K, committed 122448K, reserved 1155072K
  class space    used 14887K, capacity 15997K, committed 16000K, reserved 1048576K
Heap Regions: E=young(eden), S=young(survivor), O=old, HS=humongous(starts), HC=humongous(continues), CS=collection set, F=free, A=archive, TAMS=top-at-mark-start (previous, next)
|   0|0x00000000b0000000, 0x00000000b0100000, 0x00000000b0100000|100%|HS|  |TAMS 0x00000000b0100000, 0x00000000b0000000| Complete 
|   1|0x00000000b0100000, 0x00000000b0200000, 0x00000000b0200000|100%|HC|  |TAMS 0x00000000b0200000, 0x00000000b0100000| Complete 
|   2|0x00000000b0200000, 0x00000000b0300000, 0x00000000b0300000|100%|HC|  |TAMS 0x00000000b0300000, 0x00000000b0200000| Complete 
|   3|0x00000000b0300000, 0x00000000b0400000, 0x00000000b0400000|100%| O|  |TAMS 0x00000000b0400000, 0x00000000b0300000| Untracked 
|   4|0x00000000b0400000, 0x00000000b0500000, 0x00000000b0500000|100%| O|  |TAMS 0x00000000b0500000, 0x00000000b0400000| Untracked 
|   5|0x00000000b0500000, 0x00000000b0600000, 0x00000000b0600000|100%| O|  |TAMS 0x00000000b0600000, 0x00000000b0500000| Untracked 
|   6|0x00000000b0600000, 0x00000000b0700000, 0x00000000b0700000|100%| O|  |TAMS 0x00000000b0700000, 0x00000000b0600000| Untracked 
|   7|0x00000000b0700000, 0x00000000b0800000, 0x00000000b0800000|100%| O|  |TAMS 0x00000000b0800000, 0x00000000b0700000| Untracked 
|   8|0x00000000b0800000, 0x00000000b0900000, 0x00000000b0900000|100%| O|  |TAMS 0x00000000b0900000, 0x00000000b0800000| Untracked 
|   9|0x00000000b0900000, 0x00000000b0a00000, 0x00000000b0a00000|100%| O|  |TAMS 0x00000000b0a00000, 0x00000000b0900000| Untracked 
|  10|0x00000000b0a00000, 0x00000000b0b00000, 0x00000000b0b00000|100%| O|  |TAMS 0x00000000b0b00000, 0x00000000b0a00000| Untracked 
|  11|0x00000000b0b00000, 0x00000000b0c00000, 0x00000000b0c00000|100%| O|  |TAMS 0x00000000b0c00000, 0x00000000b0b00000| Untracked 
|  12|0x00000000b0c00000, 0x00000000b0d00000, 0x00000000b0d00000|100%| O|  |TAMS 0x00000000b0d00000, 0x00000000b0c00000| Untracked 
|  13|0x00000000b0d00000, 0x00000000b0e00000, 0x00000000b0e00000|100%| O|  |TAMS 0x00000000b0e00000, 0x00000000b0d00000| Untracked 
|  14|0x00000000b0e00000, 0x00000000b0f00000, 0x00000000b0f00000|100%| O|  |TAMS 0x00000000b0f00000, 0x00000000b0e00000| Untracked 
|  15|0x00000000b0f00000, 0x00000000b1000000, 0x00000000b1000000|100%| O|  |TAMS 0x00000000b1000000, 0x00000000b0f00000| Untracked 
|  16|0x00000000b1000000, 0x00000000b1100000, 0x00000000b1100000|100%| O|  |TAMS 0x00000000b1100000, 0x00000000b1000000| Untracked 
|  17|0x00000000b1100000, 0x00000000b1200000, 0x00000000b1200000|100%| O|  |TAMS 0x00000000b1200000, 0x00000000b1100000| Untracked 
|  18|0x00000000b1200000, 0x00000000b1300000, 0x00000000b1300000|100%| O|  |TAMS 0x00000000b1300000, 0x00000000b1200000| Untracked 
|  19|0x00000000b1300000, 0x00000000b1400000, 0x00000000b1400000|100%| O|  |TAMS 0x00000000b1400000, 0x00000000b1300000| Untracked 
|  20|0x00000000b1400000, 0x00000000b1500000, 0x00000000b1500000|100%| O|  |TAMS 0x00000000b1500000, 0x00000000b1400000| Untracked 
|  21|0x00000000b1500000, 0x00000000b1600000, 0x00000000b1600000|100%| O|  |TAMS 0x00000000b1600000, 0x00000000b1500000| Untracked 
|  22|0x00000000b1600000, 0x00000000b1700000, 0x00000000b1700000|100%| O|  |TAMS 0x00000000b1700000, 0x00000000b1600000| Untracked 
|  23|0x00000000b1700000, 0x00000000b1800000, 0x00000000b1800000|100%| O|  |TAMS 0x00000000b1800000, 0x00000000b1700000| Untracked 
|  24|0x00000000b1800000, 0x00000000b1900000, 0x00000000b1900000|100%| O|  |TAMS 0x00000000b1900000, 0x00000000b1800000| Untracked 
|  25|0x00000000b1900000, 0x00000000b1a00000, 0x00000000b1a00000|100%| O|  |TAMS 0x00000000b1a00000, 0x00000000b1900000| Untracked 
|  26|0x00000000b1a00000, 0x00000000b1b00000, 0x00000000b1b00000|100%| O|  |TAMS 0x00000000b1b00000, 0x00000000b1a00000| Untracked 
|  27|0x00000000b1b00000, 0x00000000b1c00000, 0x00000000b1c00000|100%|HS|  |TAMS 0x00000000b1c00000, 0x00000000b1b00000| Complete 
|  28|0x00000000b1c00000, 0x00000000b1d00000, 0x00000000b1d00000|100%|HS|  |TAMS 0x00000000b1d00000, 0x00000000b1c00000| Complete 
|  29|0x00000000b1d00000, 0x00000000b1e00000, 0x00000000b1e00000|100%|HS|  |TAMS 0x00000000b1e00000, 0x00000000b1d00000| Complete 
|  30|0x00000000b1e00000, 0x00000000b1f00000, 0x00000000b1f00000|100%|HS|  |TAMS 0x00000000b1f00000, 0x00000000b1e00000| Complete 
|  31|0x00000000b1f00000, 0x00000000b2000000, 0x00000000b2000000|100%|HS|  |TAMS 0x00000000b2000000, 0x00000000b1f00000| Complete 
|  32|0x00000000b2000000, 0x00000000b2100000, 0x00000000b2100000|100%|HC|  |TAMS 0x00000000b2100000, 0x00000000b2000000| Complete 
|  33|0x00000000b2100000, 0x00000000b2200000, 0x00000000b2200000|100%|HC|  |TAMS 0x00000000b2200000, 0x00000000b2100000| Complete 
|  34|0x00000000b2200000, 0x00000000b2300000, 0x00000000b2300000|100%|HS|  |TAMS 0x00000000b2300000, 0x00000000b2200000| Complete 
|  35|0x00000000b2300000, 0x00000000b2400000, 0x00000000b2400000|100%|HC|  |TAMS 0x00000000b2400000, 0x00000000b2300000| Complete 
|  36|0x00000000b2400000, 0x00000000b2500000, 0x00000000b2500000|100%| O|  |TAMS 0x00000000b2500000, 0x00000000b2400000| Untracked 
|  37|0x00000000b2500000, 0x00000000b2600000, 0x00000000b2600000|100%| O|  |TAMS 0x00000000b2600000, 0x00000000b2500000| Untracked 
|  38|0x00000000b2600000, 0x00000000b2700000, 0x00000000b2700000|100%| O|  |TAMS 0x00000000b2700000, 0x00000000b2600000| Untracked 
|  39|0x00000000b2700000, 0x00000000b2800000, 0x00000000b2800000|100%| O|  |TAMS 0x00000000b2800000, 0x00000000b2700000| Untracked 
|  40|0x00000000b2800000, 0x00000000b2900000, 0x00000000b2900000|100%| O|  |TAMS 0x00000000b2900000, 0x00000000b2800000| Untracked 
|  41|0x00000000b2900000, 0x00000000b2a00000, 0x00000000b2a00000|100%| O|  |TAMS 0x00000000b2a00000, 0x00000000b2900000| Untracked 
|  42|0x00000000b2a00000, 0x00000000b2b00000, 0x00000000b2b00000|100%| O|  |TAMS 0x00000000b2b00000, 0x00000000b2a00000| Untracked 
|  43|0x00000000b2b00000, 0x00000000b2c00000, 0x00000000b2c00000|100%| O|  |TAMS 0x00000000b2c00000, 0x00000000b2b00000| Untracked 
|  44|0x00000000b2c00000, 0x00000000b2d00000, 0x00000000b2d00000|100%| O|  |TAMS 0x00000000b2d00000, 0x00000000b2c00000| Untracked 
|  45|0x00000000b2d00000, 0x00000000b2e00000, 0x00000000b2e00000|100%| O|  |TAMS 0x00000000b2e00000, 0x00000000b2d00000| Untracked 
|  46|0x00000000b2e00000, 0x00000000b2f00000, 0x00000000b2f00000|100%| O|  |TAMS 0x00000000b2f00000, 0x00000000b2e00000| Untracked 
|  47|0x00000000b2f00000, 0x00000000b3000000, 0x00000000b3000000|100%| O|  |TAMS 0x00000000b3000000, 0x00000000b2f00000| Untracked 
|  48|0x00000000b3000000, 0x00000000b3100000, 0x00000000b3100000|100%| O|  |TAMS 0x00000000b3100000, 0x00000000b3000000| Untracked 
|  49|0x00000000b3100000, 0x00000000b3200000, 0x00000000b3200000|100%| O|  |TAMS 0x00000000b3200000, 0x00000000b3100000| Untracked 
|  50|0x00000000b3200000, 0x00000000b3300000, 0x00000000b3300000|100%| O|  |TAMS 0x00000000b3300000, 0x00000000b3200000| Untracked 
|  51|0x00000000b3300000, 0x00000000b3400000, 0x00000000b3400000|100%| O|  |TAMS 0x00000000b3400000, 0x00000000b3300000| Untracked 
|  52|0x00000000b3400000, 0x00000000b3500000, 0x00000000b3500000|100%| O|  |TAMS 0x00000000b3500000, 0x00000000b3400000| Untracked 
|  53|0x00000000b3500000, 0x00000000b3600000, 0x00000000b3600000|100%| O|  |TAMS 0x00000000b3600000, 0x00000000b3500000| Untracked 
|  54|0x00000000b3600000, 0x00000000b3700000, 0x00000000b3700000|100%| O|  |TAMS 0x00000000b3700000, 0x00000000b3600000| Untracked 
|  55|0x00000000b3700000, 0x00000000b3800000, 0x00000000b3800000|100%| O|  |TAMS 0x00000000b3800000, 0x00000000b3700000| Untracked 
|  56|0x00000000b3800000, 0x00000000b3900000, 0x00000000b3900000|100%| O|  |TAMS 0x00000000b3900000, 0x00000000b3800000| Untracked 
|  57|0x00000000b3900000, 0x00000000b3a00000, 0x00000000b3a00000|100%| O|  |TAMS 0x00000000b3a00000, 0x00000000b3900000| Untracked 
|  58|0x00000000b3a00000, 0x00000000b3b00000, 0x00000000b3b00000|100%| O|  |TAMS 0x00000000b3b00000, 0x00000000b3a00000| Untracked 
|  59|0x00000000b3b00000, 0x00000000b3c00000, 0x00000000b3c00000|100%| O|  |TAMS 0x00000000b3c00000, 0x00000000b3b00000| Untracked 
|  60|0x00000000b3c00000, 0x00000000b3d00000, 0x00000000b3d00000|100%| O|  |TAMS 0x00000000b3d00000, 0x00000000b3c00000| Untracked 
|  61|0x00000000b3d00000, 0x00000000b3e00000, 0x00000000b3e00000|100%| O|  |TAMS 0x00000000b3e00000, 0x00000000b3d00000| Untracked 
|  62|0x00000000b3e00000, 0x00000000b3f00000, 0x00000000b3f00000|100%| O|  |TAMS 0x00000000b3f00000, 0x00000000b3e00000| Untracked 
|  63|0x00000000b3f00000, 0x00000000b4000000, 0x00000000b4000000|100%| O|  |TAMS 0x00000000b4000000, 0x00000000b3f00000| Untracked 
|  64|0x00000000b4000000, 0x00000000b4100000, 0x00000000b4100000|100%| O|  |TAMS 0x00000000b4100000, 0x00000000b4000000| Untracked 
|  65|0x00000000b4100000, 0x00000000b4200000, 0x00000000b4200000|100%| O|  |TAMS 0x00000000b4200000, 0x00000000b4100000| Untracked 
|  66|0x00000000b4200000, 0x00000000b4300000, 0x00000000b4300000|100%| O|  |TAMS 0x00000000b4300000, 0x00000000b4200000| Untracked 
|  67|0x00000000b4300000, 0x00000000b4400000, 0x00000000b4400000|100%| O|  |TAMS 0x00000000b4400000, 0x00000000b4300000| Untracked 
|  68|0x00000000b4400000, 0x00000000b4500000, 0x00000000b4500000|100%| O|  |TAMS 0x00000000b4500000, 0x00000000b4400000| Untracked 
|  69|0x00000000b4500000, 0x00000000b4600000, 0x00000000b4600000|100%| O|  |TAMS 0x00000000b4600000, 0x00000000b4500000| Untracked 
|  70|0x00000000b4600000, 0x00000000b4700000, 0x00000000b4700000|100%| O|  |TAMS 0x00000000b4700000, 0x00000000b4600000| Untracked 
|  71|0x00000000b4700000, 0x00000000b4800000, 0x00000000b4800000|100%| O|  |TAMS 0x00000000b4800000, 0x00000000b4700000| Untracked 
|  72|0x00000000b4800000, 0x00000000b4900000, 0x00000000b4900000|100%| O|  |TAMS 0x00000000b4900000, 0x00000000b4800000| Untracked 
|  73|0x00000000b4900000, 0x00000000b4a00000, 0x00000000b4a00000|100%| O|  |TAMS 0x00000000b4a00000, 0x00000000b4900000| Untracked 
|  74|0x00000000b4a00000, 0x00000000b4b00000, 0x00000000b4b00000|100%| O|  |TAMS 0x00000000b4b00000, 0x00000000b4a00000| Untracked 
|  75|0x00000000b4b00000, 0x00000000b4c00000, 0x00000000b4c00000|100%| O|  |TAMS 0x00000000b4b96e00, 0x00000000b4b00000| Untracked 
|  76|0x00000000b4c00000, 0x00000000b4d00000, 0x00000000b4d00000|100%| O|  |TAMS 0x00000000b4c00000, 0x00000000b4c00000| Untracked 
|  77|0x00000000b4d00000, 0x00000000b4e00000, 0x00000000b4e00000|100%| O|  |TAMS 0x00000000b4e00000, 0x00000000b4d00000| Untracked 
|  78|0x00000000b4e00000, 0x00000000b4f00000, 0x00000000b4f00000|100%| O|  |TAMS 0x00000000b4f00000, 0x00000000b4e00000| Untracked 
|  79|0x00000000b4f00000, 0x00000000b5000000, 0x00000000b5000000|100%| O|  |TAMS 0x00000000b5000000, 0x00000000b4f00000| Untracked 
|  80|0x00000000b5000000, 0x00000000b5100000, 0x00000000b5100000|100%| O|  |TAMS 0x00000000b5100000, 0x00000000b5000000| Untracked 
|  81|0x00000000b5100000, 0x00000000b5200000, 0x00000000b5200000|100%| O|  |TAMS 0x00000000b5200000, 0x00000000b5100000| Untracked 
|  82|0x00000000b5200000, 0x00000000b5300000, 0x00000000b5300000|100%| O|  |TAMS 0x00000000b5200000, 0x00000000b5200000| Untracked 
|  83|0x00000000b5300000, 0x00000000b5400000, 0x00000000b5400000|100%| O|  |TAMS 0x00000000b5400000, 0x00000000b5300000| Untracked 
|  84|0x00000000b5400000, 0x00000000b5500000, 0x00000000b5500000|100%| O|  |TAMS 0x00000000b5400000, 0x00000000b5400000| Untracked 
|  85|0x00000000b5500000, 0x00000000b5600000, 0x00000000b5600000|100%| O|  |TAMS 0x00000000b5600000, 0x00000000b5500000| Untracked 
|  86|0x00000000b5600000, 0x00000000b5700000, 0x00000000b5700000|100%| O|  |TAMS 0x00000000b5700000, 0x00000000b5600000| Untracked 
|  87|0x00000000b5700000, 0x00000000b5800000, 0x00000000b5800000|100%| O|  |TAMS 0x00000000b5800000, 0x00000000b5700000| Untracked 
|  88|0x00000000b5800000, 0x00000000b5900000, 0x00000000b5900000|100%|HS|  |TAMS 0x00000000b5800000, 0x00000000b5800000| Complete 
|  89|0x00000000b5900000, 0x00000000b5a00000, 0x00000000b5a00000|100%| O|  |TAMS 0x00000000b5a00000, 0x00000000b5900000| Untracked 
|  90|0x00000000b5a00000, 0x00000000b5b00000, 0x00000000b5b00000|100%| O|  |TAMS 0x00000000b5b00000, 0x00000000b5a00000| Untracked 
|  91|0x00000000b5b00000, 0x00000000b5c00000, 0x00000000b5c00000|100%| O|  |TAMS 0x00000000b5c00000, 0x00000000b5b00000| Untracked 
|  92|0x00000000b5c00000, 0x00000000b5d00000, 0x00000000b5d00000|100%| O|  |TAMS 0x00000000b5d00000, 0x00000000b5c00000| Untracked 
|  93|0x00000000b5d00000, 0x00000000b5e00000, 0x00000000b5e00000|100%| O|  |TAMS 0x00000000b5e00000, 0x00000000b5d00000| Untracked 
|  94|0x00000000b5e00000, 0x00000000b5f00000, 0x00000000b5f00000|100%| O|  |TAMS 0x00000000b5f00000, 0x00000000b5e00000| Untracked 
|  95|0x00000000b5f00000, 0x00000000b6000000, 0x00000000b6000000|100%| O|  |TAMS 0x00000000b6000000, 0x00000000b5f00000| Untracked 
|  96|0x00000000b6000000, 0x00000000b6100000, 0x00000000b6100000|100%| O|  |TAMS 0x00000000b6100000, 0x00000000b6000000| Untracked 
|  97|0x00000000b6100000, 0x00000000b6200000, 0x00000000b6200000|100%| O|  |TAMS 0x00000000b6200000, 0x00000000b6100000| Untracked 
|  98|0x00000000b6200000, 0x00000000b6300000, 0x00000000b6300000|100%| O|  |TAMS 0x00000000b6300000, 0x00000000b6200000| Untracked 
|  99|0x00000000b6300000, 0x00000000b6400000, 0x00000000b6400000|100%| O|  |TAMS 0x00000000b6400000, 0x00000000b6300000| Untracked 
| 100|0x00000000b6400000, 0x00000000b6500000, 0x00000000b6500000|100%| O|  |TAMS 0x00000000b6500000, 0x00000000b6400000| Untracked 
| 101|0x00000000b6500000, 0x00000000b6600000, 0x00000000b6600000|100%| O|  |TAMS 0x00000000b6600000, 0x00000000b6500000| Untracked 
| 102|0x00000000b6600000, 0x00000000b6700000, 0x00000000b6700000|100%| O|  |TAMS 0x00000000b6700000, 0x00000000b6600000| Untracked 
| 103|0x00000000b6700000, 0x00000000b6800000, 0x00000000b6800000|100%| O|  |TAMS 0x00000000b6800000, 0x00000000b6700000| Untracked 
| 104|0x00000000b6800000, 0x00000000b6900000, 0x00000000b6900000|100%| O|  |TAMS 0x00000000b6800000, 0x00000000b6800000| Untracked 
| 105|0x00000000b6900000, 0x00000000b6a00000, 0x00000000b6a00000|100%| O|  |TAMS 0x00000000b6a00000, 0x00000000b6900000| Untracked 
| 106|0x00000000b6a00000, 0x00000000b6b00000, 0x00000000b6b00000|100%| O|  |TAMS 0x00000000b6b00000, 0x00000000b6a00000| Untracked 
| 107|0x00000000b6b00000, 0x00000000b6c00000, 0x00000000b6c00000|100%| O|  |TAMS 0x00000000b6c00000, 0x00000000b6b00000| Untracked 
| 108|0x00000000b6c00000, 0x00000000b6d00000, 0x00000000b6d00000|100%| O|  |TAMS 0x00000000b6d00000, 0x00000000b6c00000| Untracked 
| 109|0x00000000b6d00000, 0x00000000b6e00000, 0x00000000b6e00000|100%| O|  |TAMS 0x00000000b6e00000, 0x00000000b6d00000| Untracked 
| 110|0x00000000b6e00000, 0x00000000b6f00000, 0x00000000b6f00000|100%| O|  |TAMS 0x00000000b6f00000, 0x00000000b6e00000| Untracked 
| 111|0x00000000b6f00000, 0x00000000b7000000, 0x00000000b7000000|100%| O|  |TAMS 0x00000000b7000000, 0x00000000b6f00000| Untracked 
| 112|0x00000000b7000000, 0x00000000b7100000, 0x00000000b7100000|100%| O|  |TAMS 0x00000000b7100000, 0x00000000b7000000| Untracked 
| 113|0x00000000b7100000, 0x00000000b7200000, 0x00000000b7200000|100%| O|  |TAMS 0x00000000b7200000, 0x00000000b7100000| Untracked 
| 114|0x00000000b7200000, 0x00000000b7300000, 0x00000000b7300000|100%| O|  |TAMS 0x00000000b7300000, 0x00000000b7200000| Untracked 
| 115|0x00000000b7300000, 0x00000000b7400000, 0x00000000b7400000|100%| O|  |TAMS 0x00000000b7400000, 0x00000000b7300000| Untracked 
| 116|0x00000000b7400000, 0x00000000b7500000, 0x00000000b7500000|100%| O|  |TAMS 0x00000000b7500000, 0x00000000b7400000| Untracked 
| 117|0x00000000b7500000, 0x00000000b7600000, 0x00000000b7600000|100%| O|  |TAMS 0x00000000b7500000, 0x00000000b7500000| Untracked 
| 118|0x00000000b7600000, 0x00000000b7700000, 0x00000000b7700000|100%| O|  |TAMS 0x00000000b7700000, 0x00000000b7600000| Untracked 
| 119|0x00000000b7700000, 0x00000000b7800000, 0x00000000b7800000|100%| O|  |TAMS 0x00000000b7800000, 0x00000000b7700000| Untracked 
| 120|0x00000000b7800000, 0x00000000b7900000, 0x00000000b7900000|100%| O|  |TAMS 0x00000000b7900000, 0x00000000b7800000| Untracked 
| 121|0x00000000b7900000, 0x00000000b7a00000, 0x00000000b7a00000|100%| O|  |TAMS 0x00000000b7900000, 0x00000000b7900000| Untracked 
| 122|0x00000000b7a00000, 0x00000000b7b00000, 0x00000000b7b00000|100%| O|  |TAMS 0x00000000b7a00000, 0x00000000b7a00000| Untracked 
| 123|0x00000000b7b00000, 0x00000000b7c00000, 0x00000000b7c00000|100%| O|  |TAMS 0x00000000b7b00000, 0x00000000b7b00000| Untracked 
| 124|0x00000000b7c00000, 0x00000000b7d00000, 0x00000000b7d00000|100%| O|  |TAMS 0x00000000b7d00000, 0x00000000b7c00000| Untracked 
| 125|0x00000000b7d00000, 0x00000000b7e00000, 0x00000000b7e00000|100%| O|  |TAMS 0x00000000b7d00000, 0x00000000b7d00000| Untracked 
| 126|0x00000000b7e00000, 0x00000000b7f00000, 0x00000000b7f00000|100%| O|  |TAMS 0x00000000b7e00000, 0x00000000b7e00000| Untracked 
| 127|0x00000000b7f00000, 0x00000000b8000000, 0x00000000b8000000|100%| O|  |TAMS 0x00000000b7f00000, 0x00000000b7f00000| Untracked 
| 128|0x00000000b8000000, 0x00000000b8100000, 0x00000000b8100000|100%| O|  |TAMS 0x00000000b8000000, 0x00000000b8000000| Untracked 
| 129|0x00000000b8100000, 0x00000000b8200000, 0x00000000b8200000|100%| O|  |TAMS 0x00000000b8100000, 0x00000000b8100000| Untracked 
| 130|0x00000000b8200000, 0x00000000b8300000, 0x00000000b8300000|100%| O|  |TAMS 0x00000000b8200000, 0x00000000b8200000| Untracked 
| 131|0x00000000b8300000, 0x00000000b8400000, 0x00000000b8400000|100%| O|  |TAMS 0x00000000b8300000, 0x00000000b8300000| Untracked 
| 132|0x00000000b8400000, 0x00000000b8500000, 0x00000000b8500000|100%| O|  |TAMS 0x00000000b8400000, 0x00000000b8400000| Untracked 
| 133|0x00000000b8500000, 0x00000000b8600000, 0x00000000b8600000|100%| O|  |TAMS 0x00000000b8500000, 0x00000000b8500000| Untracked 
| 134|0x00000000b8600000, 0x00000000b8700000, 0x00000000b8700000|100%| O|  |TAMS 0x00000000b8600000, 0x00000000b8600000| Untracked 
| 135|0x00000000b8700000, 0x00000000b8800000, 0x00000000b8800000|100%| O|  |TAMS 0x00000000b8700000, 0x00000000b8700000| Untracked 
| 136|0x00000000b8800000, 0x00000000b8900000, 0x00000000b8900000|100%| O|  |TAMS 0x00000000b8800000, 0x00000000b8800000| Untracked 
| 137|0x00000000b8900000, 0x00000000b8a00000, 0x00000000b8a00000|100%| O|  |TAMS 0x00000000b8900000, 0x00000000b8900000| Untracked 
| 138|0x00000000b8a00000, 0x00000000b8b00000, 0x00000000b8b00000|100%| O|  |TAMS 0x00000000b8a00000, 0x00000000b8a00000| Untracked 
| 139|0x00000000b8b00000, 0x00000000b8c00000, 0x00000000b8c00000|100%| O|  |TAMS 0x00000000b8b00000, 0x00000000b8b00000| Untracked 
| 140|0x00000000b8c00000, 0x00000000b8d00000, 0x00000000b8d00000|100%| O|  |TAMS 0x00000000b8c00000, 0x00000000b8c00000| Untracked 
| 141|0x00000000b8d00000, 0x00000000b8e00000, 0x00000000b8e00000|100%| O|  |TAMS 0x00000000b8d00000, 0x00000000b8d00000| Untracked 
| 142|0x00000000b8e00000, 0x00000000b8f00000, 0x00000000b8f00000|100%| O|  |TAMS 0x00000000b8e00000, 0x00000000b8e00000| Untracked 
| 143|0x00000000b8f00000, 0x00000000b9000000, 0x00000000b9000000|100%| O|  |TAMS 0x00000000b8f00000, 0x00000000b8f00000| Untracked 
| 144|0x00000000b9000000, 0x00000000b9100000, 0x00000000b9100000|100%| O|  |TAMS 0x00000000b9000000, 0x00000000b9000000| Untracked 
| 145|0x00000000b9100000, 0x00000000b9200000, 0x00000000b9200000|100%| O|  |TAMS 0x00000000b9100000, 0x00000000b9100000| Untracked 
| 146|0x00000000b9200000, 0x00000000b9300000, 0x00000000b9300000|100%| O|  |TAMS 0x00000000b9200000, 0x00000000b9200000| Untracked 
| 147|0x00000000b9300000, 0x00000000b9400000, 0x00000000b9400000|100%| O|  |TAMS 0x00000000b9300000, 0x00000000b9300000| Untracked 
| 148|0x00000000b9400000, 0x00000000b9500000, 0x00000000b9500000|100%| O|  |TAMS 0x00000000b9400000, 0x00000000b9400000| Untracked 
| 149|0x00000000b9500000, 0x00000000b95cb200, 0x00000000b9600000| 79%| O|  |TAMS 0x00000000b9500000, 0x00000000b9500000| Untracked 
| 150|0x00000000b9600000, 0x00000000b9600000, 0x00000000b9700000|  0%| F|  |TAMS 0x00000000b9600000, 0x00000000b9600000| Untracked 
| 151|0x00000000b9700000, 0x00000000b9700000, 0x00000000b9800000|  0%| F|  |TAMS 0x00000000b9700000, 0x00000000b9700000| Untracked 
| 152|0x00000000b9800000, 0x00000000b9800000, 0x00000000b9900000|  0%| F|  |TAMS 0x00000000b9800000, 0x00000000b9800000| Untracked 
| 153|0x00000000b9900000, 0x00000000b9900000, 0x00000000b9a00000|  0%| F|  |TAMS 0x00000000b9900000, 0x00000000b9900000| Untracked 
| 154|0x00000000b9a00000, 0x00000000b9a00000, 0x00000000b9b00000|  0%| F|  |TAMS 0x00000000b9a00000, 0x00000000b9a00000| Untracked 
| 155|0x00000000b9b00000, 0x00000000b9b00000, 0x00000000b9c00000|  0%| F|  |TAMS 0x00000000b9b00000, 0x00000000b9b00000| Untracked 
| 156|0x00000000b9c00000, 0x00000000b9c00000, 0x00000000b9d00000|  0%| F|  |TAMS 0x00000000b9c00000, 0x00000000b9c00000| Untracked 
| 157|0x00000000b9d00000, 0x00000000b9d00000, 0x00000000b9e00000|  0%| F|  |TAMS 0x00000000b9d00000, 0x00000000b9d00000| Untracked 
| 158|0x00000000b9e00000, 0x00000000b9e00000, 0x00000000b9f00000|  0%| F|  |TAMS 0x00000000b9e00000, 0x00000000b9e00000| Untracked 
| 159|0x00000000b9f00000, 0x00000000b9f00000, 0x00000000ba000000|  0%| F|  |TAMS 0x00000000b9f00000, 0x00000000b9f00000| Untracked 
| 160|0x00000000ba000000, 0x00000000ba000000, 0x00000000ba100000|  0%| F|  |TAMS 0x00000000ba000000, 0x00000000ba000000| Untracked 
| 161|0x00000000ba100000, 0x00000000ba100000, 0x00000000ba200000|  0%| F|  |TAMS 0x00000000ba100000, 0x00000000ba100000| Untracked 
| 162|0x00000000ba200000, 0x00000000ba200000, 0x00000000ba300000|  0%| F|  |TAMS 0x00000000ba200000, 0x00000000ba200000| Untracked 
| 163|0x00000000ba300000, 0x00000000ba300000, 0x00000000ba400000|  0%| F|  |TAMS 0x00000000ba300000, 0x00000000ba300000| Untracked 
| 164|0x00000000ba400000, 0x00000000ba400000, 0x00000000ba500000|  0%| F|  |TAMS 0x00000000ba400000, 0x00000000ba400000| Untracked 
| 165|0x00000000ba500000, 0x00000000ba500000, 0x00000000ba600000|  0%| F|  |TAMS 0x00000000ba500000, 0x00000000ba500000| Untracked 
| 166|0x00000000ba600000, 0x00000000ba600000, 0x00000000ba700000|  0%| F|  |TAMS 0x00000000ba600000, 0x00000000ba600000| Untracked 
| 167|0x00000000ba700000, 0x00000000ba700000, 0x00000000ba800000|  0%| F|  |TAMS 0x00000000ba700000, 0x00000000ba700000| Untracked 
| 168|0x00000000ba800000, 0x00000000ba800000, 0x00000000ba900000|  0%| F|  |TAMS 0x00000000ba800000, 0x00000000ba800000| Untracked 
| 169|0x00000000ba900000, 0x00000000ba900000, 0x00000000baa00000|  0%| F|  |TAMS 0x00000000ba900000, 0x00000000ba900000| Untracked 
| 170|0x00000000baa00000, 0x00000000baa00000, 0x00000000bab00000|  0%| F|  |TAMS 0x00000000baa00000, 0x00000000baa00000| Untracked 
| 171|0x00000000bab00000, 0x00000000bab00000, 0x00000000bac00000|  0%| F|  |TAMS 0x00000000bab00000, 0x00000000bab00000| Untracked 
| 172|0x00000000bac00000, 0x00000000bac00000, 0x00000000bad00000|  0%| F|  |TAMS 0x00000000bac00000, 0x00000000bac00000| Untracked 
| 173|0x00000000bad00000, 0x00000000bad00000, 0x00000000bae00000|  0%| F|  |TAMS 0x00000000bad00000, 0x00000000bad00000| Untracked 
| 174|0x00000000bae00000, 0x00000000bae00000, 0x00000000baf00000|  0%| F|  |TAMS 0x00000000bae00000, 0x00000000bae00000| Untracked 
| 175|0x00000000baf00000, 0x00000000baf00000, 0x00000000bb000000|  0%| F|  |TAMS 0x00000000baf00000, 0x00000000baf00000| Untracked 
| 176|0x00000000bb000000, 0x00000000bb000000, 0x00000000bb100000|  0%| F|  |TAMS 0x00000000bb000000, 0x00000000bb000000| Untracked 
| 177|0x00000000bb100000, 0x00000000bb100000, 0x00000000bb200000|  0%| F|  |TAMS 0x00000000bb100000, 0x00000000bb100000| Untracked 
| 178|0x00000000bb200000, 0x00000000bb200000, 0x00000000bb300000|  0%| F|  |TAMS 0x00000000bb200000, 0x00000000bb200000| Untracked 
| 179|0x00000000bb300000, 0x00000000bb300000, 0x00000000bb400000|  0%| F|  |TAMS 0x00000000bb300000, 0x00000000bb300000| Untracked 
| 180|0x00000000bb400000, 0x00000000bb4bd048, 0x00000000bb500000| 73%| S|CS|TAMS 0x00000000bb400000, 0x00000000bb400000| Complete 
| 181|0x00000000bb500000, 0x00000000bb600000, 0x00000000bb600000|100%| S|CS|TAMS 0x00000000bb500000, 0x00000000bb500000| Complete 
| 182|0x00000000bb600000, 0x00000000bb600000, 0x00000000bb700000|  0%| F|  |TAMS 0x00000000bb600000, 0x00000000bb600000| Untracked 
| 183|0x00000000bb700000, 0x00000000bb700000, 0x00000000bb800000|  0%| F|  |TAMS 0x00000000bb700000, 0x00000000bb700000| Untracked 
| 184|0x00000000bb800000, 0x00000000bb900000, 0x00000000bb900000|100%| S|CS|TAMS 0x00000000bb800000, 0x00000000bb800000| Complete 
| 185|0x00000000bb900000, 0x00000000bb900000, 0x00000000bba00000|  0%| F|  |TAMS 0x00000000bb900000, 0x00000000bb900000| Untracked 
| 186|0x00000000bba00000, 0x00000000bba00000, 0x00000000bbb00000|  0%| F|  |TAMS 0x00000000bba00000, 0x00000000bba00000| Untracked 
| 187|0x00000000bbb00000, 0x00000000bbb00000, 0x00000000bbc00000|  0%| F|  |TAMS 0x00000000bbb00000, 0x00000000bbb00000| Untracked 
| 188|0x00000000bbc00000, 0x00000000bbd00000, 0x00000000bbd00000|100%| S|CS|TAMS 0x00000000bbc00000, 0x00000000bbc00000| Complete 
| 189|0x00000000bbd00000, 0x00000000bbe00000, 0x00000000bbe00000|100%| S|CS|TAMS 0x00000000bbd00000, 0x00000000bbd00000| Complete 
| 190|0x00000000bbe00000, 0x00000000bbe00000, 0x00000000bbf00000|  0%| F|  |TAMS 0x00000000bbe00000, 0x00000000bbe00000| Untracked 
| 191|0x00000000bbf00000, 0x00000000bbf00000, 0x00000000bc000000|  0%| F|  |TAMS 0x00000000bbf00000, 0x00000000bbf00000| Untracked 
| 192|0x00000000bc000000, 0x00000000bc000000, 0x00000000bc100000|  0%| F|  |TAMS 0x00000000bc000000, 0x00000000bc000000| Untracked 
| 193|0x00000000bc100000, 0x00000000bc100000, 0x00000000bc200000|  0%| F|  |TAMS 0x00000000bc100000, 0x00000000bc100000| Untracked 
| 194|0x00000000bc200000, 0x00000000bc200000, 0x00000000bc300000|  0%| F|  |TAMS 0x00000000bc200000, 0x00000000bc200000| Untracked 
| 195|0x00000000bc300000, 0x00000000bc300000, 0x00000000bc400000|  0%| F|  |TAMS 0x00000000bc300000, 0x00000000bc300000| Untracked 
| 196|0x00000000bc400000, 0x00000000bc400000, 0x00000000bc500000|  0%| F|  |TAMS 0x00000000bc400000, 0x00000000bc400000| Untracked 
| 197|0x00000000bc500000, 0x00000000bc500000, 0x00000000bc600000|  0%| F|  |TAMS 0x00000000bc500000, 0x00000000bc500000| Untracked 
| 198|0x00000000bc600000, 0x00000000bc600000, 0x00000000bc700000|  0%| F|  |TAMS 0x00000000bc600000, 0x00000000bc600000| Untracked 
| 199|0x00000000bc700000, 0x00000000bc700000, 0x00000000bc800000|  0%| F|  |TAMS 0x00000000bc700000, 0x00000000bc700000| Untracked 
| 200|0x00000000bc800000, 0x00000000bc800000, 0x00000000bc900000|  0%| F|  |TAMS 0x00000000bc800000, 0x00000000bc800000| Untracked 
| 201|0x00000000bc900000, 0x00000000bc900000, 0x00000000bca00000|  0%| F|  |TAMS 0x00000000bc900000, 0x00000000bc900000| Untracked 
| 202|0x00000000bca00000, 0x00000000bca00000, 0x00000000bcb00000|  0%| F|  |TAMS 0x00000000bca00000, 0x00000000bca00000| Untracked 
| 203|0x00000000bcb00000, 0x00000000bcb00000, 0x00000000bcc00000|  0%| F|  |TAMS 0x00000000bcb00000, 0x00000000bcb00000| Untracked 
| 204|0x00000000bcc00000, 0x00000000bcc00000, 0x00000000bcd00000|  0%| F|  |TAMS 0x00000000bcc00000, 0x00000000bcc00000| Untracked 
| 205|0x00000000bcd00000, 0x00000000bcd00000, 0x00000000bce00000|  0%| F|  |TAMS 0x00000000bcd00000, 0x00000000bcd00000| Untracked 
| 206|0x00000000bce00000, 0x00000000bce00000, 0x00000000bcf00000|  0%| F|  |TAMS 0x00000000bce00000, 0x00000000bce00000| Untracked 
| 207|0x00000000bcf00000, 0x00000000bcf00000, 0x00000000bd000000|  0%| F|  |TAMS 0x00000000bcf00000, 0x00000000bcf00000| Untracked 
| 208|0x00000000bd000000, 0x00000000bd000000, 0x00000000bd100000|  0%| F|  |TAMS 0x00000000bd000000, 0x00000000bd000000| Untracked 
| 209|0x00000000bd100000, 0x00000000bd100000, 0x00000000bd200000|  0%| F|  |TAMS 0x00000000bd100000, 0x00000000bd100000| Untracked 
| 210|0x00000000bd200000, 0x00000000bd200000, 0x00000000bd300000|  0%| F|  |TAMS 0x00000000bd200000, 0x00000000bd200000| Untracked 
| 211|0x00000000bd300000, 0x00000000bd300000, 0x00000000bd400000|  0%| F|  |TAMS 0x00000000bd300000, 0x00000000bd300000| Untracked 
| 212|0x00000000bd400000, 0x00000000bd400000, 0x00000000bd500000|  0%| F|  |TAMS 0x00000000bd400000, 0x00000000bd400000| Untracked 
| 213|0x00000000bd500000, 0x00000000bd500000, 0x00000000bd600000|  0%| F|  |TAMS 0x00000000bd500000, 0x00000000bd500000| Untracked 
| 214|0x00000000bd600000, 0x00000000bd600000, 0x00000000bd700000|  0%| F|  |TAMS 0x00000000bd600000, 0x00000000bd600000| Untracked 
| 215|0x00000000bd700000, 0x00000000bd700000, 0x00000000bd800000|  0%| F|  |TAMS 0x00000000bd700000, 0x00000000bd700000| Untracked 
| 216|0x00000000bd800000, 0x00000000bd800000, 0x00000000bd900000|  0%| F|  |TAMS 0x00000000bd800000, 0x00000000bd800000| Untracked 
| 217|0x00000000bd900000, 0x00000000bd900000, 0x00000000bda00000|  0%| F|  |TAMS 0x00000000bd900000, 0x00000000bd900000| Untracked 
| 218|0x00000000bda00000, 0x00000000bda00000, 0x00000000bdb00000|  0%| F|  |TAMS 0x00000000bda00000, 0x00000000bda00000| Untracked 
| 219|0x00000000bdb00000, 0x00000000bdb00000, 0x00000000bdc00000|  0%| F|  |TAMS 0x00000000bdb00000, 0x00000000bdb00000| Untracked 
| 220|0x00000000bdc00000, 0x00000000bdc00000, 0x00000000bdd00000|  0%| F|  |TAMS 0x00000000bdc00000, 0x00000000bdc00000| Untracked 
| 221|0x00000000bdd00000, 0x00000000bdd00000, 0x00000000bde00000|  0%| F|  |TAMS 0x00000000bdd00000, 0x00000000bdd00000| Untracked 

Card table byte_map: [0x000002245f770000,0x000002245f9f0000] _byte_map_base: 0x000002245f1f0000

Marking Bits (Prev, Next): (CMBitMap*) 0x000002244ca23a20, (CMBitMap*) 0x000002244ca239e8
 Prev Bits: [0x0000022461070000, 0x0000022462470000)
 Next Bits: [0x000002245fc70000, 0x0000022461070000)

Polling page: 0x000002244ab90000

Metaspace:

Usage:
  Non-class:    103.89 MB capacity,   102.12 MB ( 98%) used,     1.40 MB (  1%) free+waste,   376.00 KB ( <1%) overhead. 
      Class:     15.62 MB capacity,    14.54 MB ( 93%) used,   946.61 KB (  6%) free+waste,   162.94 KB (  1%) overhead. 
       Both:    119.51 MB capacity,   116.66 MB ( 98%) used,     2.33 MB (  2%) free+waste,   538.94 KB ( <1%) overhead. 

Virtual space:
  Non-class space:      104.00 MB reserved,     103.95 MB (>99%) committed 
      Class space:        1.00 GB reserved,      15.63 MB (  2%) committed 
             Both:        1.10 GB reserved,     119.58 MB ( 11%) committed 

Chunk freelists:
   Non-Class:  4.00 KB
       Class:  3.00 KB
        Both:  7.00 KB

MaxMetaspaceSize: 17179869184.00 GB
CompressedClassSpaceSize: 1.00 GB

CodeHeap 'non-profiled nmethods': size=120064Kb used=12798Kb max_used=12798Kb free=107265Kb
 bounds [0x0000022457fb0000, 0x0000022458c40000, 0x000002245f4f0000]
CodeHeap 'profiled nmethods': size=120000Kb used=43547Kb max_used=43547Kb free=76452Kb
 bounds [0x0000022450a80000, 0x0000022453520000, 0x0000022457fb0000]
CodeHeap 'non-nmethods': size=5696Kb used=2334Kb max_used=2403Kb free=3361Kb
 bounds [0x00000224504f0000, 0x0000022450760000, 0x0000022450a80000]
 total_blobs=19283 nmethods=18330 adapters=862
 compilation: enabled
              stopped_count=0, restarted_count=0
 full_count=0

Compilation events (20 events):
Event: 41.923 Thread 0x0000022464980000 19972       2       com.android.tools.r8.internal.j51::iterator (5 bytes)
Event: 41.923 Thread 0x0000022464980000 nmethod 19972 0x0000022453519310 code [0x00000224535194c0, 0x00000224535195c8]
Event: 41.923 Thread 0x0000022464980000 19973       2       com.android.tools.r8.internal.i51::<init> (15 bytes)
Event: 41.924 Thread 0x0000022464980000 nmethod 19973 0x0000022453519690 code [0x0000022453519840, 0x00000224535199d8]
Event: 41.924 Thread 0x0000022464980000 19974       2       com.android.tools.r8.graph.M$a::hashCode (25 bytes)
Event: 41.924 Thread 0x0000022464980000 nmethod 19974 0x0000022453519a90 code [0x0000022453519c40, 0x0000022453519d58]
Event: 41.925 Thread 0x0000022464980000 19975       1       com.android.tools.r8.internal.Qp1::Z1 (2 bytes)
Event: 41.925 Thread 0x0000022464980000 nmethod 19975 0x00000224584ed390 code [0x00000224584ed540, 0x00000224584ed5f8]
Event: 41.939 Thread 0x0000022464980000 19976       2       java.lang.Double::compare (54 bytes)
Event: 41.939 Thread 0x0000022464980000 nmethod 19976 0x0000022453519e10 code [0x0000022453519fc0, 0x000002245351a238]
Event: 41.939 Thread 0x0000022464980000 19977       2       java.lang.Double::doubleToLongBits (16 bytes)
Event: 41.939 Thread 0x0000022464980000 nmethod 19977 0x000002245351a310 code [0x000002245351a4c0, 0x000002245351a5f8]
Event: 41.939 Thread 0x0000022464980000 19978       2       java.lang.Double::isNaN (12 bytes)
Event: 41.939 Thread 0x0000022464980000 nmethod 19978 0x000002245351a690 code [0x000002245351a840, 0x000002245351a958]
Event: 41.989 Thread 0x0000022464980000 19979 %     3       com.android.tools.r8.internal.NG0::a @ 33 (102 bytes)
Event: 41.990 Thread 0x0000022464980000 nmethod 19979% 0x000002245351aa10 code [0x000002245351ace0, 0x000002245351bdd8]
Event: 41.990 Thread 0x0000022464980000 19980       2       com.android.tools.r8.internal.ac1::iterator (12 bytes)
Event: 41.990 Thread 0x0000022464980000 nmethod 19980 0x000002245351c390 code [0x000002245351c540, 0x000002245351c728]
Event: 41.990 Thread 0x0000022464980000 19981       2       com.android.tools.r8.internal.Wb1::<init> (12 bytes)
Event: 41.990 Thread 0x0000022464980000 nmethod 19981 0x000002245351c810 code [0x000002245351c9c0, 0x000002245351cb28]

GC Heap History (20 events):
Event: 41.007 GC heap after
{Heap after GC invocations=101 (full 0):
 garbage-first heap   total 189440K, used 125516K [0x00000000b0000000, 0x0000000100000000)
  region size 1024K, 3 young (3072K), 3 survivors (3072K)
 Metaspace       used 119300K, capacity 122220K, committed 122448K, reserved 1155072K
  class space    used 14881K, capacity 15994K, committed 16000K, reserved 1048576K
}
Event: 41.030 GC heap before
{Heap before GC invocations=101 (full 0):
 garbage-first heap   total 189440K, used 131660K [0x00000000b0000000, 0x0000000100000000)
  region size 1024K, 9 young (9216K), 3 survivors (3072K)
 Metaspace       used 119310K, capacity 122223K, committed 122448K, reserved 1155072K
  class space    used 14881K, capacity 15994K, committed 16000K, reserved 1048576K
}
Event: 41.039 GC heap after
{Heap after GC invocations=102 (full 0):
 garbage-first heap   total 189440K, used 122799K [0x00000000b0000000, 0x0000000100000000)
  region size 1024K, 1 young (1024K), 1 survivors (1024K)
 Metaspace       used 119310K, capacity 122223K, committed 122448K, reserved 1155072K
  class space    used 14881K, capacity 15994K, committed 16000K, reserved 1048576K
}
Event: 41.191 GC heap before
{Heap before GC invocations=102 (full 0):
 garbage-first heap   total 189440K, used 162735K [0x00000000b0000000, 0x0000000100000000)
  region size 1024K, 40 young (40960K), 1 survivors (1024K)
 Metaspace       used 119360K, capacity 122297K, committed 122448K, reserved 1155072K
  class space    used 14884K, capacity 15995K, committed 16000K, reserved 1048576K
}
Event: 41.194 GC heap after
{Heap after GC invocations=103 (full 0):
 garbage-first heap   total 189440K, used 123835K [0x00000000b0000000, 0x0000000100000000)
  region size 1024K, 2 young (2048K), 2 survivors (2048K)
 Metaspace       used 119360K, capacity 122297K, committed 122448K, reserved 1155072K
  class space    used 14884K, capacity 15995K, committed 16000K, reserved 1048576K
}
Event: 41.322 GC heap before
{Heap before GC invocations=103 (full 0):
 garbage-first heap   total 189440K, used 163771K [0x00000000b0000000, 0x0000000100000000)
  region size 1024K, 40 young (40960K), 2 survivors (2048K)
 Metaspace       used 119385K, capacity 122302K, committed 122448K, reserved 1155072K
  class space    used 14885K, capacity 15996K, committed 16000K, reserved 1048576K
}
Event: 41.324 GC heap after
{Heap after GC invocations=104 (full 0):
 garbage-first heap   total 189440K, used 126864K [0x00000000b0000000, 0x0000000100000000)
  region size 1024K, 4 young (4096K), 4 survivors (4096K)
 Metaspace       used 119385K, capacity 122302K, committed 122448K, reserved 1155072K
  class space    used 14885K, capacity 15996K, committed 16000K, reserved 1048576K
}
Event: 41.436 GC heap before
{Heap before GC invocations=104 (full 0):
 garbage-first heap   total 189440K, used 161680K [0x00000000b0000000, 0x0000000100000000)
  region size 1024K, 39 young (39936K), 4 survivors (4096K)
 Metaspace       used 119396K, capacity 122303K, committed 122448K, reserved 1155072K
  class space    used 14885K, capacity 15996K, committed 16000K, reserved 1048576K
}
Event: 41.440 GC heap after
{Heap after GC invocations=105 (full 0):
 garbage-first heap   total 189440K, used 131872K [0x00000000b0000000, 0x0000000100000000)
  region size 1024K, 5 young (5120K), 5 survivors (5120K)
 Metaspace       used 119396K, capacity 122303K, committed 122448K, reserved 1155072K
  class space    used 14885K, capacity 15996K, committed 16000K, reserved 1048576K
}
Event: 41.495 GC heap before
{Heap before GC invocations=105 (full 0):
 garbage-first heap   total 189440K, used 160544K [0x00000000b0000000, 0x0000000100000000)
  region size 1024K, 33 young (33792K), 5 survivors (5120K)
 Metaspace       used 119399K, capacity 122304K, committed 122448K, reserved 1155072K
  class space    used 14885K, capacity 15996K, committed 16000K, reserved 1048576K
}
Event: 41.503 GC heap after
{Heap after GC invocations=106 (full 0):
 garbage-first heap   total 189440K, used 134570K [0x00000000b0000000, 0x0000000100000000)
  region size 1024K, 5 young (5120K), 5 survivors (5120K)
 Metaspace       used 119399K, capacity 122304K, committed 122448K, reserved 1155072K
  class space    used 14885K, capacity 15996K, committed 16000K, reserved 1048576K
}
Event: 41.578 GC heap before
{Heap before GC invocations=106 (full 0):
 garbage-first heap   total 189440K, used 159146K [0x00000000b0000000, 0x0000000100000000)
  region size 1024K, 30 young (30720K), 5 survivors (5120K)
 Metaspace       used 119411K, capacity 122309K, committed 122448K, reserved 1155072K
  class space    used 14885K, capacity 15996K, committed 16000K, reserved 1048576K
}
Event: 41.661 GC heap after
{Heap after GC invocations=107 (full 0):
 garbage-first heap   total 227328K, used 137577K [0x00000000b0000000, 0x0000000100000000)
  region size 1024K, 4 young (4096K), 4 survivors (4096K)
 Metaspace       used 119411K, capacity 122309K, committed 122448K, reserved 1155072K
  class space    used 14885K, capacity 15996K, committed 16000K, reserved 1048576K
}
Event: 41.747 GC heap before
{Heap before GC invocations=107 (full 0):
 garbage-first heap   total 227328K, used 175465K [0x00000000b0000000, 0x0000000100000000)
  region size 1024K, 42 young (43008K), 4 survivors (4096K)
 Metaspace       used 119412K, capacity 122309K, committed 122448K, reserved 1155072K
  class space    used 14885K, capacity 15996K, committed 16000K, reserved 1048576K
}
Event: 41.755 GC heap after
{Heap after GC invocations=108 (full 0):
 garbage-first heap   total 227328K, used 143360K [0x00000000b0000000, 0x0000000100000000)
  region size 1024K, 6 young (6144K), 6 survivors (6144K)
 Metaspace       used 119412K, capacity 122309K, committed 122448K, reserved 1155072K
  class space    used 14885K, capacity 15996K, committed 16000K, reserved 1048576K
}
Event: 41.824 GC heap before
{Heap before GC invocations=108 (full 0):
 garbage-first heap   total 227328K, used 180224K [0x00000000b0000000, 0x0000000100000000)
  region size 1024K, 43 young (44032K), 6 survivors (6144K)
 Metaspace       used 119428K, capacity 122309K, committed 122448K, reserved 1155072K
  class space    used 14886K, capacity 15996K, committed 16000K, reserved 1048576K
}
Event: 41.834 GC heap after
{Heap after GC invocations=109 (full 0):
 garbage-first heap   total 227328K, used 149281K [0x00000000b0000000, 0x0000000100000000)
  region size 1024K, 6 young (6144K), 6 survivors (6144K)
 Metaspace       used 119428K, capacity 122309K, committed 122448K, reserved 1155072K
  class space    used 14886K, capacity 15996K, committed 16000K, reserved 1048576K
}
Event: 41.885 GC heap before
{Heap before GC invocations=109 (full 0):
 garbage-first heap   total 227328K, used 183073K [0x00000000b0000000, 0x0000000100000000)
  region size 1024K, 40 young (40960K), 6 survivors (6144K)
 Metaspace       used 119450K, capacity 122376K, committed 122448K, reserved 1155072K
  class space    used 14887K, capacity 15997K, committed 16000K, reserved 1048576K
}
Event: 41.896 GC heap after
{Heap after GC invocations=110 (full 0):
 garbage-first heap   total 227328K, used 154088K [0x00000000b0000000, 0x0000000100000000)
  region size 1024K, 5 young (5120K), 5 survivors (5120K)
 Metaspace       used 119450K, capacity 122376K, committed 122448K, reserved 1155072K
  class space    used 14887K, capacity 15997K, committed 16000K, reserved 1048576K
}
Event: 41.991 GC heap before
{Heap before GC invocations=110 (full 0):
 garbage-first heap   total 227328K, used 185832K [0x00000000b0000000, 0x0000000100000000)
  region size 1024K, 37 young (37888K), 5 survivors (5120K)
 Metaspace       used 119456K, capacity 122377K, committed 122448K, reserved 1155072K
  class space    used 14887K, capacity 15997K, committed 16000K, reserved 1048576K
}

Deoptimization events (20 events):
Event: 41.859 Thread 0x0000022468739000 DEOPT PACKING pc=0x0000022452f6f44f sp=0x000000946b7f92c0
Event: 41.859 Thread 0x0000022468739000 DEOPT UNPACKING pc=0x0000022450516dde sp=0x000000946b7f8b78 mode 0
Event: 41.866 Thread 0x000002246a3e1000 DEOPT PACKING pc=0x00000224534d3cd3 sp=0x000000946a9faaa0
Event: 41.866 Thread 0x000002246a3e1000 DEOPT UNPACKING pc=0x0000022450516dde sp=0x000000946a9f9fd0 mode 0
Event: 41.881 Thread 0x000002246a3e1000 DEOPT PACKING pc=0x00000224534d3cd3 sp=0x000000946a9fa440
Event: 41.881 Thread 0x000002246a3e1000 DEOPT UNPACKING pc=0x0000022450516dde sp=0x000000946a9f9970 mode 0
Event: 41.900 Thread 0x0000022468731800 DEOPT PACKING pc=0x00000224534d3cd3 sp=0x000000946b2fa720
Event: 41.900 Thread 0x0000022468731800 DEOPT UNPACKING pc=0x0000022450516dde sp=0x000000946b2f9c50 mode 0
Event: 41.905 Thread 0x0000022468731800 DEOPT PACKING pc=0x00000224534d3cd3 sp=0x000000946b2fa720
Event: 41.905 Thread 0x0000022468731800 DEOPT UNPACKING pc=0x0000022450516dde sp=0x000000946b2f9c50 mode 0
Event: 41.914 Thread 0x0000022468731800 DEOPT PACKING pc=0x00000224534d3cd3 sp=0x000000946b2fa720
Event: 41.914 Thread 0x0000022468731800 DEOPT UNPACKING pc=0x0000022450516dde sp=0x000000946b2f9c50 mode 0
Event: 41.942 Thread 0x0000022468731800 DEOPT PACKING pc=0x00000224534d3cd3 sp=0x000000946b2fa720
Event: 41.942 Thread 0x0000022468731800 DEOPT UNPACKING pc=0x0000022450516dde sp=0x000000946b2f9c50 mode 0
Event: 41.947 Thread 0x0000022468731800 DEOPT PACKING pc=0x00000224534d3cd3 sp=0x000000946b2fa720
Event: 41.947 Thread 0x0000022468731800 DEOPT UNPACKING pc=0x0000022450516dde sp=0x000000946b2f9c50 mode 0
Event: 41.953 Thread 0x0000022468731800 DEOPT PACKING pc=0x00000224534d3cd3 sp=0x000000946b2fa720
Event: 41.953 Thread 0x0000022468731800 DEOPT UNPACKING pc=0x0000022450516dde sp=0x000000946b2f9c50 mode 0
Event: 41.984 Thread 0x000002246a3e1000 DEOPT PACKING pc=0x00000224534d3cd3 sp=0x000000946a9fa440
Event: 41.984 Thread 0x000002246a3e1000 DEOPT UNPACKING pc=0x0000022450516dde sp=0x000000946a9f9970 mode 0

Classes redefined (0 events):
No events

Internal exceptions (20 events):
Event: 40.819 Thread 0x000002246a65c800 Exception <a 'sun/nio/fs/WindowsException'{0x00000000b98e90c0}> (0x00000000b98e90c0) thrown at [./src/hotspot/share/prims/jni.cpp, line 615]
Event: 40.966 Thread 0x000002246a3e1000 Exception <a 'sun/nio/fs/WindowsException'{0x00000000ba130cc0}> (0x00000000ba130cc0) thrown at [./src/hotspot/share/prims/jni.cpp, line 615]
Event: 40.973 Thread 0x000002246a65c800 Exception <a 'sun/nio/fs/WindowsException'{0x00000000ba0ee890}> (0x00000000ba0ee890) thrown at [./src/hotspot/share/prims/jni.cpp, line 615]
Event: 41.022 Thread 0x0000022468739000 Exception <a 'sun/nio/fs/WindowsException'{0x00000000bb4c93d8}> (0x00000000bb4c93d8) thrown at [./src/hotspot/share/prims/jni.cpp, line 615]
Event: 41.088 Thread 0x000002246a3e1000 Exception <a 'sun/nio/fs/WindowsException'{0x00000000ba3beda0}> (0x00000000ba3beda0) thrown at [./src/hotspot/share/prims/jni.cpp, line 615]
Event: 41.092 Thread 0x000002246a3e1000 Implicit null exception at 0x0000022458764966 to 0x0000022458764cb8
Event: 41.099 Thread 0x0000022468739000 Exception <a 'sun/nio/fs/WindowsException'{0x00000000ba132178}> (0x00000000ba132178) thrown at [./src/hotspot/share/prims/jni.cpp, line 615]
Event: 41.154 Thread 0x000002246a65c800 Exception <a 'sun/nio/fs/WindowsException'{0x00000000b99f34a0}> (0x00000000b99f34a0) thrown at [./src/hotspot/share/prims/jni.cpp, line 615]
Event: 41.165 Thread 0x000002246a65c800 Exception <a 'sun/nio/fs/WindowsException'{0x00000000b9622d90}> (0x00000000b9622d90) thrown at [./src/hotspot/share/prims/jni.cpp, line 615]
Event: 41.232 Thread 0x0000022468739000 Exception <a 'sun/nio/fs/WindowsException'{0x00000000ba811e48}> (0x00000000ba811e48) thrown at [./src/hotspot/share/prims/jni.cpp, line 615]
Event: 41.252 Thread 0x0000022468739000 Exception <a 'sun/nio/fs/WindowsException'{0x00000000ba335158}> (0x00000000ba335158) thrown at [./src/hotspot/share/prims/jni.cpp, line 615]
Event: 41.261 Thread 0x0000022468739000 Exception <a 'sun/nio/fs/WindowsException'{0x00000000ba03bcd0}> (0x00000000ba03bcd0) thrown at [./src/hotspot/share/prims/jni.cpp, line 615]
Event: 41.353 Thread 0x0000022468739000 Exception <a 'sun/nio/fs/WindowsException'{0x00000000ba872578}> (0x00000000ba872578) thrown at [./src/hotspot/share/prims/jni.cpp, line 615]
Event: 41.446 Thread 0x000002246a65c800 Exception <a 'sun/nio/fs/WindowsException'{0x00000000bb631428}> (0x00000000bb631428) thrown at [./src/hotspot/share/prims/jni.cpp, line 615]
Event: 41.474 Thread 0x000002246a3e1000 Exception <a 'sun/nio/fs/WindowsException'{0x00000000ba29f580}> (0x00000000ba29f580) thrown at [./src/hotspot/share/prims/jni.cpp, line 615]
Event: 41.544 Thread 0x000002246a65c800 Exception <a 'sun/nio/fs/WindowsException'{0x00000000bab9bd90}> (0x00000000bab9bd90) thrown at [./src/hotspot/share/prims/jni.cpp, line 615]
Event: 41.550 Thread 0x000002246a65c800 Exception <a 'sun/nio/fs/WindowsException'{0x00000000baae2148}> (0x00000000baae2148) thrown at [./src/hotspot/share/prims/jni.cpp, line 615]
Event: 41.566 Thread 0x000002246a65c800 Exception <a 'sun/nio/fs/WindowsException'{0x00000000ba8ae878}> (0x00000000ba8ae878) thrown at [./src/hotspot/share/prims/jni.cpp, line 615]
Event: 41.569 Thread 0x000002246a65c800 Exception <a 'sun/nio/fs/WindowsException'{0x00000000ba647760}> (0x00000000ba647760) thrown at [./src/hotspot/share/prims/jni.cpp, line 615]
Event: 41.861 Thread 0x0000022468731800 Exception <a 'sun/nio/fs/WindowsException'{0x00000000bc8493b8}> (0x00000000bc8493b8) thrown at [./src/hotspot/share/prims/jni.cpp, line 615]

Events (20 events):
Event: 41.324 Executing VM operation: G1CollectForAllocation done
Event: 41.424 loading class com/android/tools/r8/internal/j0
Event: 41.424 loading class com/android/tools/r8/internal/j0 done
Event: 41.435 Executing VM operation: G1CollectForAllocation
Event: 41.440 Executing VM operation: G1CollectForAllocation done
Event: 41.480 Executing VM operation: G1CollectForAllocation
Event: 41.503 Executing VM operation: G1CollectForAllocation done
Event: 41.578 Executing VM operation: G1CollectForAllocation
Event: 41.661 Executing VM operation: G1CollectForAllocation done
Event: 41.745 Executing VM operation: G1CollectForAllocation
Event: 41.755 Executing VM operation: G1CollectForAllocation done
Event: 41.765 loading class com/android/tools/r8/internal/aR0
Event: 41.765 loading class com/android/tools/r8/internal/aR0 done
Event: 41.823 Executing VM operation: G1CollectForAllocation
Event: 41.834 Executing VM operation: G1CollectForAllocation done
Event: 41.838 loading class com/android/tools/r8/internal/JD0
Event: 41.838 loading class com/android/tools/r8/internal/JD0 done
Event: 41.883 Executing VM operation: G1CollectForAllocation
Event: 41.896 Executing VM operation: G1CollectForAllocation done
Event: 41.990 Executing VM operation: G1CollectForAllocation


Dynamic libraries:
0x00007ff7b1f60000 - 0x00007ff7b1f6a000 	D:\Program Files\Android\jre\bin\java.exe
0x00007fffa0330000 - 0x00007fffa0527000 	C:\WINDOWS\SYSTEM32\ntdll.dll
0x00007fffa0030000 - 0x00007fffa00ed000 	C:\WINDOWS\System32\KERNEL32.DLL
0x00007fff9df20000 - 0x00007fff9e1ed000 	C:\WINDOWS\System32\KERNELBASE.dll
0x00007fff9de20000 - 0x00007fff9df20000 	C:\WINDOWS\System32\ucrtbase.dll
0x00007fff81c00000 - 0x00007fff81c17000 	D:\Program Files\Android\jre\bin\VCRUNTIME140.dll
0x00007fff80110000 - 0x00007fff80129000 	D:\Program Files\Android\jre\bin\jli.dll
0x00007fff9f150000 - 0x00007fff9f2f0000 	C:\WINDOWS\System32\USER32.dll
0x00007fff9dd30000 - 0x00007fff9dd52000 	C:\WINDOWS\System32\win32u.dll
0x00007fff8d6e0000 - 0x00007fff8d97a000 	C:\WINDOWS\WinSxS\amd64_microsoft.windows.common-controls_6595b64144ccf1df_6.0.19041.1110_none_60b5254171f9507e\COMCTL32.dll
0x00007fff9f6d0000 - 0x00007fff9f6fa000 	C:\WINDOWS\System32\GDI32.dll
0x00007fff9da50000 - 0x00007fff9db5b000 	C:\WINDOWS\System32\gdi32full.dll
0x00007fffa0180000 - 0x00007fffa021e000 	C:\WINDOWS\System32\msvcrt.dll
0x00007fff9e1f0000 - 0x00007fff9e28d000 	C:\WINDOWS\System32\msvcp_win.dll
0x00007fff9f100000 - 0x00007fff9f130000 	C:\WINDOWS\System32\IMM32.DLL
0x00007fff7d600000 - 0x00007fff7d69d000 	D:\Program Files\Android\jre\bin\msvcp140.dll
0x00007fff58c80000 - 0x00007fff59755000 	D:\Program Files\Android\jre\bin\server\jvm.dll
0x00007fff9f7d0000 - 0x00007fff9f87e000 	C:\WINDOWS\System32\ADVAPI32.dll
0x00007fff9e8e0000 - 0x00007fff9e97c000 	C:\WINDOWS\System32\sechost.dll
0x00007fff9e9e0000 - 0x00007fff9eb05000 	C:\WINDOWS\System32\RPCRT4.dll
0x00007fff9eb10000 - 0x00007fff9eb18000 	C:\WINDOWS\System32\PSAPI.DLL
0x00007fff9b2a0000 - 0x00007fff9b2a9000 	C:\WINDOWS\SYSTEM32\WSOCK32.dll
0x00007fff97710000 - 0x00007fff97737000 	C:\WINDOWS\SYSTEM32\WINMM.dll
0x00007fff9ec40000 - 0x00007fff9ecab000 	C:\WINDOWS\System32\WS2_32.dll
0x00007fff97960000 - 0x00007fff9796a000 	C:\WINDOWS\SYSTEM32\VERSION.dll
0x00007fff9b970000 - 0x00007fff9b982000 	C:\WINDOWS\SYSTEM32\kernel.appcore.dll
0x00007fff99600000 - 0x00007fff99611000 	D:\Program Files\Android\jre\bin\verify.dll
0x00007fff939b0000 - 0x00007fff93b94000 	C:\WINDOWS\SYSTEM32\DBGHELP.DLL
0x00007fff8f870000 - 0x00007fff8f89c000 	C:\WINDOWS\SYSTEM32\dbgcore.DLL
0x00007fff9dd60000 - 0x00007fff9dde2000 	C:\WINDOWS\System32\bcryptPrimitives.dll
0x00007fff994d0000 - 0x00007fff994f9000 	D:\Program Files\Android\jre\bin\java.dll
0x00007fff99580000 - 0x00007fff9958b000 	D:\Program Files\Android\jre\bin\jimage.dll
0x00007fff991b0000 - 0x00007fff991c8000 	D:\Program Files\Android\jre\bin\zip.dll
0x00007fff9f8e0000 - 0x00007fffa0024000 	C:\WINDOWS\System32\SHELL32.dll
0x00007fff9bb70000 - 0x00007fff9c304000 	C:\WINDOWS\SYSTEM32\windows.storage.dll
0x00007fff9f370000 - 0x00007fff9f6c4000 	C:\WINDOWS\System32\combase.dll
0x00007fff9d3e0000 - 0x00007fff9d40c000 	C:\WINDOWS\SYSTEM32\Wldp.dll
0x00007fff9f050000 - 0x00007fff9f0fd000 	C:\WINDOWS\System32\SHCORE.dll
0x00007fff9ed10000 - 0x00007fff9ed65000 	C:\WINDOWS\System32\shlwapi.dll
0x00007fff9d990000 - 0x00007fff9d9af000 	C:\WINDOWS\SYSTEM32\profapi.dll
0x00007fff8e500000 - 0x00007fff8e51a000 	D:\Program Files\Android\jre\bin\net.dll
0x00007fff93100000 - 0x00007fff9320a000 	C:\WINDOWS\SYSTEM32\WINHTTP.dll
0x00007fff9d140000 - 0x00007fff9d1aa000 	C:\WINDOWS\system32\mswsock.dll
0x00007fff88540000 - 0x00007fff88554000 	D:\Program Files\Android\jre\bin\nio.dll
0x00007fff874c0000 - 0x00007fff874e7000 	C:\Users\Panji P. Pamungkas\.gradle\native\e1d6ef7f7dcc3fd88c89a11ec53ec762bb8ba0a96d01ffa2cd45eb1d1d8dd5c5\windows-amd64\native-platform.dll
0x00007fff7a1a0000 - 0x00007fff7a2e4000 	C:\Users\Panji P. Pamungkas\.gradle\native\5664cfc778a61ccfe75a443a1ab52a65af34e5dc3c78e0209fed803814484fcb\windows-amd64\native-platform-file-events.dll
0x00007fff991a0000 - 0x00007fff991aa000 	D:\Program Files\Android\jre\bin\management.dll
0x00007fff8a0f0000 - 0x00007fff8a0fd000 	D:\Program Files\Android\jre\bin\management_ext.dll
0x00007fff9d340000 - 0x00007fff9d358000 	C:\WINDOWS\SYSTEM32\CRYPTSP.dll
0x00007fff9cac0000 - 0x00007fff9caf4000 	C:\WINDOWS\system32\rsaenh.dll
0x00007fff9ddf0000 - 0x00007fff9de17000 	C:\WINDOWS\System32\bcrypt.dll
0x00007fff9d950000 - 0x00007fff9d97e000 	C:\WINDOWS\SYSTEM32\USERENV.dll
0x00007fff9d330000 - 0x00007fff9d33c000 	C:\WINDOWS\SYSTEM32\CRYPTBASE.dll
0x00007fff9ce30000 - 0x00007fff9ce6b000 	C:\WINDOWS\SYSTEM32\IPHLPAPI.DLL
0x00007fff9f130000 - 0x00007fff9f138000 	C:\WINDOWS\System32\NSI.dll
0x00007fff97f90000 - 0x00007fff97fa7000 	C:\WINDOWS\SYSTEM32\dhcpcsvc6.DLL
0x00007fff97f70000 - 0x00007fff97f8d000 	C:\WINDOWS\SYSTEM32\dhcpcsvc.DLL
0x00007fff9ce70000 - 0x00007fff9cf3b000 	C:\WINDOWS\SYSTEM32\DNSAPI.dll
0x00007fff9c750000 - 0x00007fff9c783000 	C:\WINDOWS\SYSTEM32\ntmarta.dll

dbghelp: loaded successfully - version: 4.0.5 - missing functions: none
symbol engine: initialized successfully - sym options: 0x614 - pdb path: .;D:\Program Files\Android\jre\bin;C:\WINDOWS\SYSTEM32;C:\WINDOWS\WinSxS\amd64_microsoft.windows.common-controls_6595b64144ccf1df_6.0.19041.1110_none_60b5254171f9507e;D:\Program Files\Android\jre\bin\server;C:\Users\Panji P. Pamungkas\.gradle\native\e1d6ef7f7dcc3fd88c89a11ec53ec762bb8ba0a96d01ffa2cd45eb1d1d8dd5c5\windows-amd64;C:\Users\Panji P. Pamungkas\.gradle\native\5664cfc778a61ccfe75a443a1ab52a65af34e5dc3c78e0209fed803814484fcb\windows-amd64

VM Arguments:
jvm_args: --add-opens=java.base/java.util=ALL-UNNAMED --add-opens=java.base/java.lang=ALL-UNNAMED --add-opens=java.base/java.lang.invoke=ALL-UNNAMED --add-opens=java.base/java.util=ALL-UNNAMED --add-opens=java.prefs/java.util.prefs=ALL-UNNAMED --add-opens=java.prefs/java.util.prefs=ALL-UNNAMED --add-opens=java.base/java.nio.charset=ALL-UNNAMED --add-opens=java.base/java.net=ALL-UNNAMED --add-opens=java.base/java.util.concurrent.atomic=ALL-UNNAMED -Xmx2048m -Dfile.encoding=UTF-8 -Duser.country=US -Duser.language=en -Duser.variant -Xmx1280M 
java_command: org.gradle.launcher.daemon.bootstrap.GradleDaemon 7.2
java_class_path (initial): C:\Users\Panji P. Pamungkas\.gradle\wrapper\dists\gradle-7.2-bin\2dnblmf4td7x66yl1d74lt32g\gradle-7.2\lib\gradle-launcher-7.2.jar
Launcher Type: SUN_STANDARD

[Global flags]
     intx CICompilerCount                          = 3                                         {product} {ergonomic}
     uint ConcGCThreads                            = 1                                         {product} {ergonomic}
     uint G1ConcRefinementThreads                  = 4                                         {product} {ergonomic}
   size_t G1HeapRegionSize                         = 1048576                                   {product} {ergonomic}
    uintx GCDrainStackTargetSize                   = 64                                        {product} {ergonomic}
   size_t InitialHeapSize                          = 134217728                                 {product} {ergonomic}
   size_t MarkStackSize                            = 4194304                                   {product} {ergonomic}
   size_t MaxHeapSize                              = 1342177280                                {product} {command line}
   size_t MaxNewSize                               = 805306368                                 {product} {ergonomic}
   size_t MinHeapDeltaBytes                        = 1048576                                   {product} {ergonomic}
    uintx NonNMethodCodeHeapSize                   = 5830732                                {pd product} {ergonomic}
    uintx NonProfiledCodeHeapSize                  = 122913754                              {pd product} {ergonomic}
    uintx ProfiledCodeHeapSize                     = 122913754                              {pd product} {ergonomic}
    uintx ReservedCodeCacheSize                    = 251658240                              {pd product} {ergonomic}
     bool SegmentedCodeCache                       = true                                      {product} {ergonomic}
     bool UseCompressedClassPointers               = true                                 {lp64_product} {ergonomic}
     bool UseCompressedOops                        = true                                 {lp64_product} {ergonomic}
     bool UseG1GC                                  = true                                      {product} {ergonomic}
     bool UseLargePagesIndividualAllocation        = false                                  {pd product} {ergonomic}

Logging:
Log output configuration:
 #0: stdout all=warning uptime,level,tags
 #1: stderr all=off uptime,level,tags

Environment Variables:
_JAVA_OPTIONS=-Xmx1280M
PATH=C:\WINDOWS\system32;C:\WINDOWS;C:\WINDOWS\System32\Wbem;C:\WINDOWS\System32\WindowsPowerShell\v1.0\;C:\WINDOWS\System32\OpenSSH\;C:\Program Files (x86)\Microsoft SQL Server\100\Tools\Binn\;C:\Program Files\Microsoft SQL Server\100\Tools\Binn\;C:\Program Files\Microsoft SQL Server\100\DTS\Binn\;C:\Program Files\Git\cmd;C:\xampp\php;C:\ProgramData\ComposerSetup\bin;C:\Users\Panji P. Pamungkas\AppData\Local\Programs\Python\Python310\Scripts\;C:\Users\Panji P. Pamungkas\AppData\Local\Programs\Python\Python310\;C:\Users\Panji P. Pamungkas\AppData\Local\Microsoft\WindowsApps;D:\Program Files\Microsoft VS Code\bin;C:\Users\Panji P. Pamungkas\AppData\Roaming\Composer\vendor\bin
USERNAME=Panji P. Pamungkas
OS=Windows_NT
PROCESSOR_IDENTIFIER=AMD64 Family 23 Model 17 Stepping 0, AuthenticAMD



---------------  S Y S T E M  ---------------

OS: Windows 10 , 64 bit Build 19041 (10.0.19041.1741)
OS uptime: 0 days 12:27 hours

CPU:total 4 (initial active 4) (4 cores per cpu, 1 threads per core) family 23 model 17 stepping 0 microcode 0x0, cmov, cx8, fxsr, mmx, sse, sse2, sse3, ssse3, sse4.1, sse4.2, popcnt, avx, avx2, aes, clmul, mmxext, 3dnowpref, lzcnt, sse4a, tsc, tscinvbit, tscinv, bmi1, bmi2, adx, sha, 

Memory: 4k page, system-wide physical 8076M (392M free)
TotalPageFile size 12172M (AvailPageFile size 81M)
current process WorkingSet (physical memory assigned to process): 544M, peak: 550M
current process commit charge ("private bytes"): 665M, peak: 973M

vm_info: OpenJDK 64-Bit Server VM (11.0.11+9-b60-7590822) for windows-amd64 JRE (11.0.11+9-b60-7590822), built on Jul 29 2021 21:43:44 by "builder" with MS VC++ 14.0 (VS2015)

END.
