#
# There is insufficient memory for the Java Runtime Environment to continue.
# Native memory allocation (mmap) failed to map 134217728 bytes for Failed to commit area from 0x00000000b0000000 to 0x00000000b8000000 of length 134217728.
# Possible reasons:
#   The system is out of physical RAM or swap space
#   The process is running with CompressedOops enabled, and the Java Heap may be blocking the growth of the native heap
# Possible solutions:
#   Reduce memory load on the system
#   Increase physical memory or swap space
#   Check if swap backing store is full
#   Decrease Java heap size (-Xmx/-Xms)
#   Decrease number of Java threads
#   Decrease Java thread stack sizes (-Xss)
#   Set larger code cache with -XX:ReservedCodeCacheSize=
# This output file may be truncated or incomplete.
#
#  Out of Memory Error (./src/hotspot/os/windows/os_windows.cpp:3301), pid=12996, tid=6796
#
# JRE version:  (11.0.11+9) (build )
# Java VM: OpenJDK 64-Bit Server VM (11.0.11+9-b60-7590822, mixed mode, sharing, tiered, compressed oops, g1 gc, windows-amd64)
# No core dump will be written. Minidumps are not enabled by default on client versions of Windows
#

---------------  S U M M A R Y ------------

Command Line: -Xmx1280M org.jetbrains.kotlin.cli.jvm.K2JVMCompiler @D:\Anu Aing\RecyclerView\app\build\20220620_9869392576569524997.compiler.options

Host: AMD Ryzen 3 2200G with Radeon Vega Graphics    , 4 cores, 7G,  Windows 10 , 64 bit Build 19041 (10.0.19041.1741)
Time: Mon Jun 20 02:51:09 2022 SE Asia Standard Time elapsed time: 0.010356 seconds (0d 0h 0m 0s)

---------------  T H R E A D  ---------------

Current thread (0x000001d22522a800):  JavaThread "Unknown thread" [_thread_in_vm, id=6796, stack(0x0000007742d00000,0x0000007742e00000)]

Stack: [0x0000007742d00000,0x0000007742e00000]
Native frames: (J=compiled Java code, j=interpreted, Vv=VM code, C=native code)
V  [jvm.dll+0x5f214a]
V  [jvm.dll+0x726fb5]
V  [jvm.dll+0x7285cd]
V  [jvm.dll+0x728c83]
V  [jvm.dll+0x243278]
V  [jvm.dll+0x5ef544]
V  [jvm.dll+0x5e4495]
V  [jvm.dll+0x2fec5b]
V  [jvm.dll+0x2febca]
V  [jvm.dll+0x2feaa2]
V  [jvm.dll+0x303986]
V  [jvm.dll+0x34c3a3]
V  [jvm.dll+0x34caa6]
V  [jvm.dll+0x34c4a3]
V  [jvm.dll+0x2d9688]
V  [jvm.dll+0x2da837]
V  [jvm.dll+0x705ba7]
V  [jvm.dll+0x70739c]
V  [jvm.dll+0x3598f9]
V  [jvm.dll+0x6e931e]
V  [jvm.dll+0x3c1c43]
V  [jvm.dll+0x3c3e81]
C  [jli.dll+0x5373]
C  [ucrtbase.dll+0x21bb2]
C  [KERNEL32.DLL+0x17034]
C  [ntdll.dll+0x52651]


---------------  P R O C E S S  ---------------

Threads class SMR info:
_java_thread_list=0x000001d2231315c0, length=0, elements={
}

Java Threads: ( => current thread )

Other Threads:
  0x000001d225246800 GCTaskThread "GC Thread#0" [stack: 0x0000007742e00000,0x0000007742f00000] [id=7408]
  0x000001d225266000 ConcurrentGCThread "G1 Main Marker" [stack: 0x0000007742f00000,0x0000007743000000] [id=7808]
  0x000001d225268800 ConcurrentGCThread "G1 Conc#0" [stack: 0x0000007743000000,0x0000007743100000] [id=2792]

[error occurred during error reporting (printing all threads), id 0xc0000005, EXCEPTION_ACCESS_VIOLATION (0xc0000005) at pc=0x00007fff58f69c47]

VM state:not at safepoint (not fully initialized)

VM Mutex/Monitor currently owned by a thread:  ([mutex/lock_event])
[0x000001d22522a1c0] Heap_lock - owner thread: 0x000001d22522a800

Heap address: 0x00000000b0000000, size: 1280 MB, Compressed Oops mode: Non-zero based: 0x00000000b0000000
Narrow klass base: 0x0000000000000000, Narrow klass shift: 0

GC Heap History (0 events):
No events

Deoptimization events (0 events):
No events

Classes redefined (0 events):
No events

Internal exceptions (0 events):
No events

Events (1 events):
Event: 0.006 Loaded shared library D:\Program Files\Android\jre\bin\zip.dll


Dynamic libraries:
0x00007ff7b1f60000 - 0x00007ff7b1f6a000 	D:\Program Files\Android\jre\bin\java.exe
0x00007fffa0330000 - 0x00007fffa0527000 	C:\WINDOWS\SYSTEM32\ntdll.dll
0x00007fffa0030000 - 0x00007fffa00ed000 	C:\WINDOWS\System32\KERNEL32.DLL
0x00007fff9df20000 - 0x00007fff9e1ed000 	C:\WINDOWS\System32\KERNELBASE.dll
0x00007fff9de20000 - 0x00007fff9df20000 	C:\WINDOWS\System32\ucrtbase.dll
0x00007fff82290000 - 0x00007fff822a7000 	D:\Program Files\Android\jre\bin\VCRUNTIME140.dll
0x00007fff821a0000 - 0x00007fff821b9000 	D:\Program Files\Android\jre\bin\jli.dll
0x00007fff9f150000 - 0x00007fff9f2f0000 	C:\WINDOWS\System32\USER32.dll
0x00007fff9dd30000 - 0x00007fff9dd52000 	C:\WINDOWS\System32\win32u.dll
0x00007fff9f6d0000 - 0x00007fff9f6fa000 	C:\WINDOWS\System32\GDI32.dll
0x00007fff9da50000 - 0x00007fff9db5b000 	C:\WINDOWS\System32\gdi32full.dll
0x00007fff9e1f0000 - 0x00007fff9e28d000 	C:\WINDOWS\System32\msvcp_win.dll
0x00007fff8d6e0000 - 0x00007fff8d97a000 	C:\WINDOWS\WinSxS\amd64_microsoft.windows.common-controls_6595b64144ccf1df_6.0.19041.1110_none_60b5254171f9507e\COMCTL32.dll
0x00007fffa0180000 - 0x00007fffa021e000 	C:\WINDOWS\System32\msvcrt.dll
0x00007fff9f100000 - 0x00007fff9f130000 	C:\WINDOWS\System32\IMM32.DLL
0x00007fff7f1a0000 - 0x00007fff7f23d000 	D:\Program Files\Android\jre\bin\msvcp140.dll
0x00007fff58c80000 - 0x00007fff59755000 	D:\Program Files\Android\jre\bin\server\jvm.dll
0x00007fff9f7d0000 - 0x00007fff9f87e000 	C:\WINDOWS\System32\ADVAPI32.dll
0x00007fff9e8e0000 - 0x00007fff9e97c000 	C:\WINDOWS\System32\sechost.dll
0x00007fff9e9e0000 - 0x00007fff9eb05000 	C:\WINDOWS\System32\RPCRT4.dll
0x00007fff9eb10000 - 0x00007fff9eb18000 	C:\WINDOWS\System32\PSAPI.DLL
0x00007fff9b2a0000 - 0x00007fff9b2a9000 	C:\WINDOWS\SYSTEM32\WSOCK32.dll
0x00007fff9ec40000 - 0x00007fff9ecab000 	C:\WINDOWS\System32\WS2_32.dll
0x00007fff97710000 - 0x00007fff97737000 	C:\WINDOWS\SYSTEM32\WINMM.dll
0x00007fff97960000 - 0x00007fff9796a000 	C:\WINDOWS\SYSTEM32\VERSION.dll
0x00007fff9b970000 - 0x00007fff9b982000 	C:\WINDOWS\SYSTEM32\kernel.appcore.dll
0x00007fff99600000 - 0x00007fff99611000 	D:\Program Files\Android\jre\bin\verify.dll
0x00007fff939b0000 - 0x00007fff93b94000 	C:\WINDOWS\SYSTEM32\DBGHELP.DLL
0x00007fff8f870000 - 0x00007fff8f89c000 	C:\WINDOWS\SYSTEM32\dbgcore.DLL
0x00007fff9dd60000 - 0x00007fff9dde2000 	C:\WINDOWS\System32\bcryptPrimitives.dll
0x00007fff994d0000 - 0x00007fff994f9000 	D:\Program Files\Android\jre\bin\java.dll
0x00007fff99580000 - 0x00007fff9958b000 	D:\Program Files\Android\jre\bin\jimage.dll
0x00007fff991b0000 - 0x00007fff991c8000 	D:\Program Files\Android\jre\bin\zip.dll

dbghelp: loaded successfully - version: 4.0.5 - missing functions: none
symbol engine: initialized successfully - sym options: 0x614 - pdb path: .;D:\Program Files\Android\jre\bin;C:\WINDOWS\SYSTEM32;C:\WINDOWS\WinSxS\amd64_microsoft.windows.common-controls_6595b64144ccf1df_6.0.19041.1110_none_60b5254171f9507e;D:\Program Files\Android\jre\bin\server

VM Arguments:
jvm_args: -Xmx1280M 
java_command: org.jetbrains.kotlin.cli.jvm.K2JVMCompiler @D:\Anu Aing\RecyclerView\app\build\20220620_9869392576569524997.compiler.options
java_class_path (initial): C:\Users\Panji P. Pamungkas\.gradle\caches\modules-2\files-2.1\org.jetbrains.kotlin\kotlin-compiler-embeddable\1.5.30\3362a354066df1578a057c200da23cf2a1d8144f\kotlin-compiler-embeddable-1.5.30.jar;C:\Users\Panji P. Pamungkas\.gradle\caches\modules-2\files-2.1\org.jetbrains.kotlin\kotlin-reflect\1.5.30\6773e974437dd6432aa646cc2f8ab71de42b5773\kotlin-reflect-1.5.30.jar;C:\Users\Panji P. Pamungkas\.gradle\caches\modules-2\files-2.1\org.jetbrains.kotlin\kotlin-stdlib\1.5.30\d68efdea04955974ac1020f8f66ef8176bfbce1f\kotlin-stdlib-1.5.30.jar;C:\Users\Panji P. Pamungkas\.gradle\caches\modules-2\files-2.1\org.jetbrains.kotlin\kotlin-script-runtime\1.5.30\10697ab20bfd2f1b23baa91306950c36c4e89a8d\kotlin-script-runtime-1.5.30.jar;C:\Users\Panji P. Pamungkas\.gradle\caches\modules-2\files-2.1\org.jetbrains.kotlin\kotlin-daemon-embeddable\1.5.30\e355dc9011e559a475608265607948109e113ae0\kotlin-daemon-embeddable-1.5.30.jar;C:\Users\Panji P. Pamungkas\.gradle\caches\modules-2\files-2.1\org.jetbrains.intellij.deps\trove4j\1.0.20181211\216c2e14b070f334479d800987affe4054cd563f\trove4j-1.0.20181211.jar;C:\Users\Panji P. Pamungkas\.gradle\caches\modules-2\files-2.1\org.jetbrains\annotations\13.0\919f0dfe192fb4e063e7dacadee7f8bb9a2672a9\annotations-13.0.jar;C:\Users\Panji P. Pamungkas\.gradle\caches\modules-2\files-2.1\org.jetbrains.kotlin\kotlin-stdlib-common\1.5.30\649ffab7767038323fec0cc41e2d7b0a8f65a378\kotlin-stdlib-common-1.5.30.jar
Launcher Type: SUN_STANDARD

[Global flags]
     intx CICompilerCount                          = 3                                         {product} {ergonomic}
     uint ConcGCThreads                            = 1                                         {product} {ergonomic}
     uint G1ConcRefinementThreads                  = 4                                         {product} {ergonomic}
   size_t G1HeapRegionSize                         = 1048576                                   {product} {ergonomic}
    uintx GCDrainStackTargetSize                   = 64                                        {product} {ergonomic}
   size_t InitialHeapSize                          = 134217728                                 {product} {ergonomic}
   size_t MarkStackSize                            = 4194304                                   {product} {ergonomic}
   size_t MaxHeapSize                              = 1342177280                                {product} {command line}
   size_t MinHeapDeltaBytes                        = 1048576                                   {product} {ergonomic}
    uintx NonNMethodCodeHeapSize                   = 5830732                                {pd product} {ergonomic}
    uintx NonProfiledCodeHeapSize                  = 122913754                              {pd product} {ergonomic}
    uintx ProfiledCodeHeapSize                     = 122913754                              {pd product} {ergonomic}
    uintx ReservedCodeCacheSize                    = 251658240                              {pd product} {ergonomic}
     bool SegmentedCodeCache                       = true                                      {product} {ergonomic}
     bool UseCompressedClassPointers               = true                                 {lp64_product} {ergonomic}
     bool UseCompressedOops                        = true                                 {lp64_product} {ergonomic}
     bool UseG1GC                                  = true                                      {product} {ergonomic}
     bool UseLargePagesIndividualAllocation        = false                                  {pd product} {ergonomic}

Logging:
Log output configuration:
 #0: stdout all=warning uptime,level,tags
 #1: stderr all=off uptime,level,tags

Environment Variables:
_JAVA_OPTIONS=-Xmx1280M
PATH=C:\WINDOWS\system32;C:\WINDOWS;C:\WINDOWS\System32\Wbem;C:\WINDOWS\System32\WindowsPowerShell\v1.0\;C:\WINDOWS\System32\OpenSSH\;C:\Program Files (x86)\Microsoft SQL Server\100\Tools\Binn\;C:\Program Files\Microsoft SQL Server\100\Tools\Binn\;C:\Program Files\Microsoft SQL Server\100\DTS\Binn\;C:\Program Files\Git\cmd;C:\xampp\php;C:\ProgramData\ComposerSetup\bin;C:\Users\Panji P. Pamungkas\AppData\Local\Programs\Python\Python310\Scripts\;C:\Users\Panji P. Pamungkas\AppData\Local\Programs\Python\Python310\;C:\Users\Panji P. Pamungkas\AppData\Local\Microsoft\WindowsApps;D:\Program Files\Microsoft VS Code\bin;C:\Users\Panji P. Pamungkas\AppData\Roaming\Composer\vendor\bin
USERNAME=Panji P. Pamungkas
OS=Windows_NT
PROCESSOR_IDENTIFIER=AMD64 Family 23 Model 17 Stepping 0, AuthenticAMD



---------------  S Y S T E M  ---------------

OS: Windows 10 , 64 bit Build 19041 (10.0.19041.1741)
OS uptime: 0 days 12:29 hours

CPU:total 4 (initial active 4) (4 cores per cpu, 1 threads per core) family 23 model 17 stepping 0 microcode 0x0, cmov, cx8, fxsr, mmx, sse, sse2, sse3, ssse3, sse4.1, sse4.2, popcnt, avx, avx2, aes, clmul, mmxext, 3dnowpref, lzcnt, sse4a, tsc, tscinvbit, tscinv, bmi1, bmi2, adx, sha, 

Memory: 4k page, system-wide physical 8076M (449M free)
TotalPageFile size 12172M (AvailPageFile size 125M)
current process WorkingSet (physical memory assigned to process): 9M, peak: 9M
current process commit charge ("private bytes"): 51M, peak: 179M

vm_info: OpenJDK 64-Bit Server VM (11.0.11+9-b60-7590822) for windows-amd64 JRE (11.0.11+9-b60-7590822), built on Jul 29 2021 21:43:44 by "builder" with MS VC++ 14.0 (VS2015)

END.
